#
# There is insufficient memory for the Java Runtime Environment to continue.
# Native memory allocation (malloc) failed to allocate 1099696 bytes. Error detail: Chunk::new
# Possible reasons:
#   The system is out of physical RAM or swap space
#   This process is running with CompressedOops enabled, and the Java Heap may be blocking the growth of the native heap
# Possible solutions:
#   Reduce memory load on the system
#   Increase physical memory or swap space
#   Check if swap backing store is full
#   Decrease Java heap size (-Xmx/-Xms)
#   Decrease number of Java threads
#   Decrease Java thread stack sizes (-Xss)
#   Set larger code cache with -XX:ReservedCodeCacheSize=
#   JVM is running with Unscaled Compressed Oops mode in which the Java heap is
#     placed in the first 4GB address space. The Java Heap base address is the
#     maximum limit for the native heap growth. Please use -XX:HeapBaseMinAddress
#     to set the Java Heap base and to place the Java Heap above 4GB virtual address.
# This output file may be truncated or incomplete.
#
#  Out of Memory Error (arena.cpp:168), pid=2120, tid=21240
#
# JRE version: OpenJDK Runtime Environment (21.0.8) (build 21.0.8+-14196175-b1038.72)
# Java VM: OpenJDK 64-Bit Server VM (21.0.8+-14196175-b1038.72, mixed mode, tiered, compressed oops, compressed class ptrs, g1 gc, windows-amd64)
# No core dump will be written. Minidumps are not enabled by default on client versions of Windows
#

---------------  S U M M A R Y ------------

Command Line: --add-opens=java.base/java.lang=ALL-UNNAMED --add-opens=java.base/java.lang.invoke=ALL-UNNAMED --add-opens=java.base/java.util=ALL-UNNAMED --add-opens=java.prefs/java.util.prefs=ALL-UNNAMED --add-exports=jdk.compiler/com.sun.tools.javac.api=ALL-UNNAMED --add-exports=jdk.compiler/com.sun.tools.javac.util=ALL-UNNAMED --add-opens=java.base/java.util=ALL-UNNAMED --add-opens=java.prefs/java.util.prefs=ALL-UNNAMED --add-opens=java.base/java.nio.charset=ALL-UNNAMED --add-opens=java.base/java.net=ALL-UNNAMED --add-opens=java.base/java.util.concurrent.atomic=ALL-UNNAMED --add-opens=java.xml/javax.xml.namespace=ALL-UNNAMED -Xmx2048m -Dfile.encoding=UTF-8 -Duser.country=IN -Duser.language=en -Duser.variant -javaagent:C:\Users\mayur\.gradle\wrapper\dists\gradle-8.13-bin\5xuhj0ry160q40clulazy9h7d\gradle-8.13\lib\agents\gradle-instrumentation-agent-8.13.jar org.gradle.launcher.daemon.bootstrap.GradleDaemon 8.13

Host: 12th Gen Intel(R) Core(TM) i5-12450H, 12 cores, 15G,  Windows 11 , 64 bit Build 26100 (10.0.26100.7309)
Time: Tue Jan 13 20:48:03 2026 India Standard Time elapsed time: 41.852726 seconds (0d 0h 0m 41s)

---------------  T H R E A D  ---------------

Current thread (0x0000020200119ab0):  JavaThread "C2 CompilerThread0" daemon [_thread_in_native, id=21240, stack(0x0000009cd4b00000,0x0000009cd4c00000) (1024K)]


Current CompileTask:
C2:41852 8180       4       org.gradle.cache.internal.btree.CachingBlockStore::read (56 bytes)

Stack: [0x0000009cd4b00000,0x0000009cd4c00000]
Native frames: (J=compiled Java code, j=interpreted, Vv=VM code, C=native code)
V  [jvm.dll+0x6d68d9]
V  [jvm.dll+0x866693]
V  [jvm.dll+0x868c4e]
V  [jvm.dll+0x869333]
V  [jvm.dll+0x280566]
V  [jvm.dll+0xc07cd]
V  [jvm.dll+0xc0d03]
V  [jvm.dll+0x3b95e1]
V  [jvm.dll+0x385507]
V  [jvm.dll+0x38497a]
V  [jvm.dll+0x249252]
V  [jvm.dll+0x248821]
V  [jvm.dll+0x1c73a4]
V  [jvm.dll+0x257f9e]
V  [jvm.dll+0x2564e6]
V  [jvm.dll+0x3f4696]
V  [jvm.dll+0x80eac8]
V  [jvm.dll+0x6d512d]
C  [ucrtbase.dll+0x37b0]
C  [KERNEL32.DLL+0x2e8d7]
C  [ntdll.dll+0x8c53c]


---------------  P R O C E S S  ---------------

Threads class SMR info:
_java_thread_list=0x000002020ac7ee70, length=88, elements={
0x00000202682abec0, 0x00000202000f2c30, 0x00000202000ff5f0, 0x0000020200102060,
0x00000202001032e0, 0x0000020200114b70, 0x00000202001155d0, 0x0000020200118040,
0x0000020200119ab0, 0x000002020011c970, 0x00000202004b7aa0, 0x00000202003f0bf0,
0x000002020067a370, 0x00000202008bc750, 0x0000020206368860, 0x00000202061624e0,
0x000002020611ac10, 0x0000020206160c80, 0x0000020206161310, 0x000002020615ff60,
0x000002020615e520, 0x000002020615f8d0, 0x00000202061619a0, 0x000002020615ebb0,
0x000002020615f240, 0x0000020207fef6d0, 0x0000020207ff03f0, 0x0000020207fefd60,
0x0000020207ff0a80, 0x0000020207ff1110, 0x0000020207ff17a0, 0x0000020207ff1e30,
0x0000020207ff24c0, 0x0000020207fef040, 0x0000020207ff2b50, 0x0000020207ff4590,
0x0000020207ff3f00, 0x0000020207ff6660, 0x0000020207ff4c20, 0x0000020207ff5fd0,
0x0000020207ff3870, 0x0000020208f04a60, 0x0000020208f050f0, 0x0000020208f06b30,
0x0000020208f071c0, 0x0000020208f05780, 0x0000020208f03d40, 0x0000020208f07850,
0x0000020208f07ee0, 0x0000020208f08570, 0x0000020208f05e10, 0x0000020208f0acd0,
0x0000020208f0b360, 0x0000020208f09290, 0x0000020208f08c00, 0x0000020208f09920,
0x0000020208f09fb0, 0x0000020208f0a640, 0x0000020200a3e920, 0x0000020200a3c1c0,
0x0000020200a3c850, 0x0000020200a3b4a0, 0x0000020200a3e290, 0x0000020200a3cee0,
0x0000020200a3bb30, 0x0000020200a41710, 0x0000020200a409f0, 0x0000020200a41080,
0x0000020200a42ac0, 0x0000020200a41da0, 0x0000020200a42430, 0x0000020209730e00,
0x0000020209731490, 0x0000020209732ed0, 0x0000020209732840, 0x0000020209731b20,
0x00000202097321b0, 0x0000020209733560, 0x00000202097300e0, 0x0000020209733bf0,
0x0000020209730770, 0x0000020209735630, 0x0000020209736350, 0x00000202097369e0,
0x0000020209735cc0, 0x0000020209737700, 0x0000020209734280, 0x000002020a10a0a0
}

Java Threads: ( => current thread )
  0x00000202682abec0 JavaThread "main"                              [_thread_blocked, id=29016, stack(0x0000009cd3c00000,0x0000009cd3d00000) (1024K)]
  0x00000202000f2c30 JavaThread "Common-Cleaner"             daemon [_thread_blocked, id=12908, stack(0x0000009cd4400000,0x0000009cd4500000) (1024K)]
  0x00000202000ff5f0 JavaThread "Reference Handler"          daemon [_thread_blocked, id=9048, stack(0x0000009cd4500000,0x0000009cd4600000) (1024K)]
  0x0000020200102060 JavaThread "Finalizer"                  daemon [_thread_blocked, id=26996, stack(0x0000009cd4600000,0x0000009cd4700000) (1024K)]
  0x00000202001032e0 JavaThread "Signal Dispatcher"          daemon [_thread_blocked, id=28592, stack(0x0000009cd4700000,0x0000009cd4800000) (1024K)]
  0x0000020200114b70 JavaThread "Attach Listener"            daemon [_thread_blocked, id=21204, stack(0x0000009cd4800000,0x0000009cd4900000) (1024K)]
  0x00000202001155d0 JavaThread "Service Thread"             daemon [_thread_blocked, id=25848, stack(0x0000009cd4900000,0x0000009cd4a00000) (1024K)]
  0x0000020200118040 JavaThread "Monitor Deflation Thread"   daemon [_thread_blocked, id=17684, stack(0x0000009cd4a00000,0x0000009cd4b00000) (1024K)]
=>0x0000020200119ab0 JavaThread "C2 CompilerThread0"         daemon [_thread_in_native, id=21240, stack(0x0000009cd4b00000,0x0000009cd4c00000) (1024K)]
  0x000002020011c970 JavaThread "C1 CompilerThread0"         daemon [_thread_in_native, id=11352, stack(0x0000009cd4c00000,0x0000009cd4d00000) (1024K)]
  0x00000202004b7aa0 JavaThread "Notification Thread"        daemon [_thread_blocked, id=26320, stack(0x0000009cd4d00000,0x0000009cd4e00000) (1024K)]
  0x00000202003f0bf0 JavaThread "Daemon health stats"               [_thread_blocked, id=19096, stack(0x0000009cd5600000,0x0000009cd5700000) (1024K)]
  0x000002020067a370 JavaThread "Incoming local TCP Connector on port 54924"        [_thread_in_native, id=29164, stack(0x0000009cd5700000,0x0000009cd5800000) (1024K)]
  0x00000202008bc750 JavaThread "Daemon periodic checks"            [_thread_blocked, id=17968, stack(0x0000009cd5800000,0x0000009cd5900000) (1024K)]
  0x0000020206368860 JavaThread "Daemon"                            [_thread_blocked, id=28208, stack(0x0000009cd5900000,0x0000009cd5a00000) (1024K)]
  0x00000202061624e0 JavaThread "Handler for socket connection from /127.0.0.1:54924 to /127.0.0.1:54925"        [_thread_in_native, id=9364, stack(0x0000009cd5a00000,0x0000009cd5b00000) (1024K)]
  0x000002020611ac10 JavaThread "Cancel handler"                    [_thread_blocked, id=28376, stack(0x0000009cd5b00000,0x0000009cd5c00000) (1024K)]
  0x0000020206160c80 JavaThread "Daemon worker"                     [_thread_in_Java, id=1596, stack(0x0000009cd5c00000,0x0000009cd5d00000) (1024K)]
  0x0000020206161310 JavaThread "Asynchronous log dispatcher for DefaultDaemonConnection: socket connection from /127.0.0.1:54924 to /127.0.0.1:54925"        [_thread_blocked, id=6452, stack(0x0000009cd6000000,0x0000009cd6100000) (1024K)]
  0x000002020615ff60 JavaThread "Stdin handler"                     [_thread_blocked, id=12892, stack(0x0000009cd6100000,0x0000009cd6200000) (1024K)]
  0x000002020615e520 JavaThread "Daemon client event forwarder"        [_thread_blocked, id=10868, stack(0x0000009cd6200000,0x0000009cd6300000) (1024K)]
  0x000002020615f8d0 JavaThread "Cache worker for journal cache (C:\Users\mayur\.gradle\caches\journal-1)"        [_thread_blocked, id=9116, stack(0x0000009cd6300000,0x0000009cd6400000) (1024K)]
  0x00000202061619a0 JavaThread "File lock request listener"        [_thread_in_native, id=4312, stack(0x0000009cd6400000,0x0000009cd6500000) (1024K)]
  0x000002020615ebb0 JavaThread "Cache worker for file hash cache (C:\Users\mayur\.gradle\caches\8.13\fileHashes)"        [_thread_in_native, id=7932, stack(0x0000009cd6500000,0x0000009cd6600000) (1024K)]
  0x000002020615f240 JavaThread "Cache worker for file hash cache (C:\Users\mayur\AndroidStudioProjects\Koshi\.gradle\8.13\fileHashes)"        [_thread_blocked, id=12636, stack(0x0000009cd6800000,0x0000009cd6900000) (1024K)]
  0x0000020207fef6d0 JavaThread "Cache worker for Build Output Cleanup Cache (C:\Users\mayur\AndroidStudioProjects\Koshi\.gradle\buildOutputCleanup)"        [_thread_blocked, id=10860, stack(0x0000009cd6900000,0x0000009cd6a00000) (1024K)]
  0x0000020207ff03f0 JavaThread "File watcher server"        daemon [_thread_in_native, id=27032, stack(0x0000009cd6600000,0x0000009cd6700000) (1024K)]
  0x0000020207fefd60 JavaThread "File watcher consumer"      daemon [_thread_blocked, id=12784, stack(0x0000009cd6700000,0x0000009cd6800000) (1024K)]
  0x0000020207ff0a80 JavaThread "jar transforms"                    [_thread_blocked, id=23572, stack(0x0000009cd6a00000,0x0000009cd6b00000) (1024K)]
  0x0000020207ff1110 JavaThread "jar transforms Thread 2"           [_thread_blocked, id=15140, stack(0x0000009cd6b00000,0x0000009cd6c00000) (1024K)]
  0x0000020207ff17a0 JavaThread "jar transforms Thread 3"           [_thread_blocked, id=21672, stack(0x0000009cd6c00000,0x0000009cd6d00000) (1024K)]
  0x0000020207ff1e30 JavaThread "jar transforms Thread 4"           [_thread_blocked, id=6300, stack(0x0000009cd6d00000,0x0000009cd6e00000) (1024K)]
  0x0000020207ff24c0 JavaThread "jar transforms Thread 5"           [_thread_blocked, id=17680, stack(0x0000009cd6e00000,0x0000009cd6f00000) (1024K)]
  0x0000020207fef040 JavaThread "jar transforms Thread 6"           [_thread_blocked, id=12748, stack(0x0000009cd6f00000,0x0000009cd7000000) (1024K)]
  0x0000020207ff2b50 JavaThread "jar transforms Thread 7"           [_thread_blocked, id=14616, stack(0x0000009cd7000000,0x0000009cd7100000) (1024K)]
  0x0000020207ff4590 JavaThread "jar transforms Thread 8"           [_thread_blocked, id=11768, stack(0x0000009cd7100000,0x0000009cd7200000) (1024K)]
  0x0000020207ff3f00 JavaThread "jar transforms Thread 9"           [_thread_blocked, id=20780, stack(0x0000009cd7200000,0x0000009cd7300000) (1024K)]
  0x0000020207ff6660 JavaThread "jar transforms Thread 10"          [_thread_blocked, id=15888, stack(0x0000009cd7300000,0x0000009cd7400000) (1024K)]
  0x0000020207ff4c20 JavaThread "jar transforms Thread 11"          [_thread_blocked, id=24840, stack(0x0000009cd7400000,0x0000009cd7500000) (1024K)]
  0x0000020207ff5fd0 JavaThread "jar transforms Thread 12"          [_thread_blocked, id=26940, stack(0x0000009cd7500000,0x0000009cd7600000) (1024K)]
  0x0000020207ff3870 JavaThread "Cache worker for checksums cache (C:\Users\mayur\AndroidStudioProjects\Koshi\.gradle\8.13\checksums)"        [_thread_blocked, id=18772, stack(0x0000009cd7800000,0x0000009cd7900000) (1024K)]
  0x0000020208f04a60 JavaThread "Cache worker for file content cache (C:\Users\mayur\.gradle\caches\8.13\fileContent)"        [_thread_blocked, id=8356, stack(0x0000009cd7900000,0x0000009cd7a00000) (1024K)]
  0x0000020208f050f0 JavaThread "Cache worker for cache directory md-supplier (C:\Users\mayur\.gradle\caches\8.13\md-supplier)"        [_thread_blocked, id=25828, stack(0x0000009cd7700000,0x0000009cd7800000) (1024K)]
  0x0000020208f06b30 JavaThread "Cache worker for cache directory md-rule (C:\Users\mayur\.gradle\caches\8.13\md-rule)"        [_thread_blocked, id=7880, stack(0x0000009cd7a00000,0x0000009cd7b00000) (1024K)]
  0x0000020208f071c0 JavaThread "Unconstrained build operations"        [_thread_blocked, id=11596, stack(0x0000009cd7600000,0x0000009cd7700000) (1024K)]
  0x0000020208f05780 JavaThread "Unconstrained build operations Thread 2"        [_thread_blocked, id=26092, stack(0x0000009cd7b00000,0x0000009cd7c00000) (1024K)]
  0x0000020208f03d40 JavaThread "Unconstrained build operations Thread 3"        [_thread_blocked, id=25552, stack(0x0000009cd7c00000,0x0000009cd7d00000) (1024K)]
  0x0000020208f07850 JavaThread "Unconstrained build operations Thread 4"        [_thread_blocked, id=10500, stack(0x0000009cd7d00000,0x0000009cd7e00000) (1024K)]
  0x0000020208f07ee0 JavaThread "Unconstrained build operations Thread 5"        [_thread_blocked, id=19892, stack(0x0000009cd7e00000,0x0000009cd7f00000) (1024K)]
  0x0000020208f08570 JavaThread "Unconstrained build operations Thread 6"        [_thread_blocked, id=22100, stack(0x0000009cd7f00000,0x0000009cd8000000) (1024K)]
  0x0000020208f05e10 JavaThread "Unconstrained build operations Thread 7"        [_thread_blocked, id=4304, stack(0x0000009cd8000000,0x0000009cd8100000) (1024K)]
  0x0000020208f0acd0 JavaThread "Unconstrained build operations Thread 8"        [_thread_blocked, id=29452, stack(0x0000009cd8100000,0x0000009cd8200000) (1024K)]
  0x0000020208f0b360 JavaThread "Unconstrained build operations Thread 9"        [_thread_blocked, id=6224, stack(0x0000009cd8200000,0x0000009cd8300000) (1024K)]
  0x0000020208f09290 JavaThread "Unconstrained build operations Thread 10"        [_thread_blocked, id=14032, stack(0x0000009cd8300000,0x0000009cd8400000) (1024K)]
  0x0000020208f08c00 JavaThread "Unconstrained build operations Thread 11"        [_thread_blocked, id=25740, stack(0x0000009cd8400000,0x0000009cd8500000) (1024K)]
  0x0000020208f09920 JavaThread "Unconstrained build operations Thread 12"        [_thread_blocked, id=24364, stack(0x0000009cd8500000,0x0000009cd8600000) (1024K)]
  0x0000020208f09fb0 JavaThread "Unconstrained build operations Thread 13"        [_thread_blocked, id=27848, stack(0x0000009cd8600000,0x0000009cd8700000) (1024K)]
  0x0000020208f0a640 JavaThread "Unconstrained build operations Thread 14"        [_thread_blocked, id=15188, stack(0x0000009cd8700000,0x0000009cd8800000) (1024K)]
  0x0000020200a3e920 JavaThread "Unconstrained build operations Thread 15"        [_thread_blocked, id=28640, stack(0x0000009cd8800000,0x0000009cd8900000) (1024K)]
  0x0000020200a3c1c0 JavaThread "Unconstrained build operations Thread 16"        [_thread_blocked, id=20272, stack(0x0000009cd8900000,0x0000009cd8a00000) (1024K)]
  0x0000020200a3c850 JavaThread "Unconstrained build operations Thread 17"        [_thread_blocked, id=10244, stack(0x0000009cd8a00000,0x0000009cd8b00000) (1024K)]
  0x0000020200a3b4a0 JavaThread "Unconstrained build operations Thread 18"        [_thread_blocked, id=29188, stack(0x0000009cd8b00000,0x0000009cd8c00000) (1024K)]
  0x0000020200a3e290 JavaThread "Unconstrained build operations Thread 19"        [_thread_blocked, id=25772, stack(0x0000009cd8c00000,0x0000009cd8d00000) (1024K)]
  0x0000020200a3cee0 JavaThread "Unconstrained build operations Thread 20"        [_thread_blocked, id=2020, stack(0x0000009cd8d00000,0x0000009cd8e00000) (1024K)]
  0x0000020200a3bb30 JavaThread "Unconstrained build operations Thread 21"        [_thread_blocked, id=14112, stack(0x0000009cd8e00000,0x0000009cd8f00000) (1024K)]
  0x0000020200a41710 JavaThread "Unconstrained build operations Thread 22"        [_thread_blocked, id=10744, stack(0x0000009cd8f00000,0x0000009cd9000000) (1024K)]
  0x0000020200a409f0 JavaThread "Unconstrained build operations Thread 23"        [_thread_blocked, id=12780, stack(0x0000009cd9000000,0x0000009cd9100000) (1024K)]
  0x0000020200a41080 JavaThread "Unconstrained build operations Thread 24"        [_thread_blocked, id=24192, stack(0x0000009cd9100000,0x0000009cd9200000) (1024K)]
  0x0000020200a42ac0 JavaThread "Unconstrained build operations Thread 25"        [_thread_blocked, id=13936, stack(0x0000009cd9200000,0x0000009cd9300000) (1024K)]
  0x0000020200a41da0 JavaThread "Unconstrained build operations Thread 26"        [_thread_blocked, id=16948, stack(0x0000009cd9300000,0x0000009cd9400000) (1024K)]
  0x0000020200a42430 JavaThread "Unconstrained build operations Thread 27"        [_thread_blocked, id=9008, stack(0x0000009cd9400000,0x0000009cd9500000) (1024K)]
  0x0000020209730e00 JavaThread "Unconstrained build operations Thread 28"        [_thread_blocked, id=7548, stack(0x0000009cd9500000,0x0000009cd9600000) (1024K)]
  0x0000020209731490 JavaThread "Unconstrained build operations Thread 29"        [_thread_blocked, id=16104, stack(0x0000009cd9600000,0x0000009cd9700000) (1024K)]
  0x0000020209732ed0 JavaThread "Unconstrained build operations Thread 30"        [_thread_blocked, id=13204, stack(0x0000009cd9700000,0x0000009cd9800000) (1024K)]
  0x0000020209732840 JavaThread "Unconstrained build operations Thread 31"        [_thread_blocked, id=6792, stack(0x0000009cd9800000,0x0000009cd9900000) (1024K)]
  0x0000020209731b20 JavaThread "Unconstrained build operations Thread 32"        [_thread_blocked, id=29468, stack(0x0000009cd9900000,0x0000009cd9a00000) (1024K)]
  0x00000202097321b0 JavaThread "Unconstrained build operations Thread 33"        [_thread_blocked, id=27236, stack(0x0000009cd9b00000,0x0000009cd9c00000) (1024K)]
  0x0000020209733560 JavaThread "Unconstrained build operations Thread 34"        [_thread_blocked, id=27456, stack(0x0000009cd9c00000,0x0000009cd9d00000) (1024K)]
  0x00000202097300e0 JavaThread "Unconstrained build operations Thread 35"        [_thread_in_native, id=23400, stack(0x0000009cd9a00000,0x0000009cd9b00000) (1024K)]
  0x0000020209733bf0 JavaThread "Unconstrained build operations Thread 36"        [_thread_blocked, id=1792, stack(0x0000009cd9d00000,0x0000009cd9e00000) (1024K)]
  0x0000020209730770 JavaThread "Unconstrained build operations Thread 37"        [_thread_blocked, id=23444, stack(0x0000009cd9e00000,0x0000009cd9f00000) (1024K)]
  0x0000020209735630 JavaThread "Unconstrained build operations Thread 38"        [_thread_blocked, id=6048, stack(0x0000009cd9f00000,0x0000009cda000000) (1024K)]
  0x0000020209736350 JavaThread "Unconstrained build operations Thread 39"        [_thread_blocked, id=20916, stack(0x0000009cda000000,0x0000009cda100000) (1024K)]
  0x00000202097369e0 JavaThread "Unconstrained build operations Thread 40"        [_thread_in_Java, id=22072, stack(0x0000009cda100000,0x0000009cda200000) (1024K)]
  0x0000020209735cc0 JavaThread "Unconstrained build operations Thread 41"        [_thread_in_native, id=17264, stack(0x0000009cda200000,0x0000009cda300000) (1024K)]
  0x0000020209737700 JavaThread "Unconstrained build operations Thread 42"        [_thread_blocked, id=20160, stack(0x0000009cda300000,0x0000009cda400000) (1024K)]
  0x0000020209734280 JavaThread "Unconstrained build operations Thread 43"        [_thread_blocked, id=1220, stack(0x0000009cda400000,0x0000009cda500000) (1024K)]
  0x000002020a10a0a0 JavaThread "C2 CompilerThread1"         daemon [_thread_in_native, id=16112, stack(0x0000009cda500000,0x0000009cda600000) (1024K)]
Total: 88

Other Threads:
  0x000002027fe0d950 VMThread "VM Thread"                           [id=13800, stack(0x0000009cd4300000,0x0000009cd4400000) (1024K)]
  0x000002027fd8eb20 WatcherThread "VM Periodic Task Thread"        [id=29632, stack(0x0000009cd4200000,0x0000009cd4300000) (1024K)]
  0x00000202683040d0 WorkerThread "GC Thread#0"                     [id=2464, stack(0x0000009cd3d00000,0x0000009cd3e00000) (1024K)]
  0x0000020200bbb710 WorkerThread "GC Thread#1"                     [id=4004, stack(0x0000009cd5000000,0x0000009cd5100000) (1024K)]
  0x0000020200bbbab0 WorkerThread "GC Thread#2"                     [id=9572, stack(0x0000009cd5100000,0x0000009cd5200000) (1024K)]
  0x0000020200bbbe50 WorkerThread "GC Thread#3"                     [id=2088, stack(0x0000009cd5200000,0x0000009cd5300000) (1024K)]
  0x0000020200990ed0 WorkerThread "GC Thread#4"                     [id=6596, stack(0x0000009cd5300000,0x0000009cd5400000) (1024K)]
  0x0000020200991270 WorkerThread "GC Thread#5"                     [id=20340, stack(0x0000009cd5400000,0x0000009cd5500000) (1024K)]
  0x00000202060dbce0 WorkerThread "GC Thread#6"                     [id=29536, stack(0x0000009cd4e00000,0x0000009cd4f00000) (1024K)]
  0x00000202060de140 WorkerThread "GC Thread#7"                     [id=21852, stack(0x0000009cd4f00000,0x0000009cd5000000) (1024K)]
  0x00000202060de4e0 WorkerThread "GC Thread#8"                     [id=20760, stack(0x0000009cd5500000,0x0000009cd5600000) (1024K)]
  0x00000202060d0820 WorkerThread "GC Thread#9"                     [id=16528, stack(0x0000009cd5d00000,0x0000009cd5e00000) (1024K)]
  0x0000020268314e60 ConcurrentGCThread "G1 Main Marker"            [id=26200, stack(0x0000009cd3e00000,0x0000009cd3f00000) (1024K)]
  0x0000020268315710 WorkerThread "G1 Conc#0"                       [id=12520, stack(0x0000009cd3f00000,0x0000009cd4000000) (1024K)]
  0x00000202060d2180 WorkerThread "G1 Conc#1"                       [id=25232, stack(0x0000009cd5e00000,0x0000009cd5f00000) (1024K)]
  0x00000202060d16a0 WorkerThread "G1 Conc#2"                       [id=3464, stack(0x0000009cd5f00000,0x0000009cd6000000) (1024K)]
  0x000002026836ea20 ConcurrentGCThread "G1 Refine#0"               [id=17484, stack(0x0000009cd4000000,0x0000009cd4100000) (1024K)]
  0x000002027fce2290 ConcurrentGCThread "G1 Service"                [id=10028, stack(0x0000009cd4100000,0x0000009cd4200000) (1024K)]
Total: 18

Threads with active compile tasks:
C2 CompilerThread0  41886 8180       4       org.gradle.cache.internal.btree.CachingBlockStore::read (56 bytes)
C2 CompilerThread1  41886 8251       4       org.gradle.internal.snapshot.VfsRelativePath::hasPrefix (15 bytes)
Total: 2

VM state: not at safepoint (normal execution)

VM Mutex/Monitor currently owned by a thread: None

Heap address: 0x0000000080000000, size: 2048 MB, Compressed Oops mode: 32-bit

CDS archive(s) not mapped
Compressed class space mapped at: 0x0000000100000000-0x0000000140000000, reserved size: 1073741824
Narrow klass base: 0x0000000000000000, Narrow klass shift: 3, Narrow klass range: 0x140000000

GC Precious Log:
 CardTable entry size: 512
 Card Set container configuration: InlinePtr #cards 5 size 8 Array Of Cards #cards 12 size 40 Howl #buckets 4 coarsen threshold 1843 Howl Bitmap #cards 512 size 80 coarsen threshold 460 Card regions per heap region 1 cards per card region 2048
 CPUs: 12 total, 12 available
 Memory: 16092M
 Large Page Support: Disabled
 NUMA Support: Disabled
 Compressed Oops: Enabled (32-bit)
 Heap Region Size: 1M
 Heap Min Capacity: 8M
 Heap Initial Capacity: 252M
 Heap Max Capacity: 2G
 Pre-touch: Disabled
 Parallel Workers: 10
 Concurrent Workers: 3
 Concurrent Refinement Workers: 10
 Periodic GC: Disabled

Heap:
 garbage-first heap   total 163840K, used 118413K [0x0000000080000000, 0x0000000100000000)
  region size 1024K, 21 young (21504K), 7 survivors (7168K)
 Metaspace       used 74756K, committed 76544K, reserved 1114112K
  class space    used 10545K, committed 11392K, reserved 1048576K

Heap Regions: E=young(eden), S=young(survivor), O=old, HS=humongous(starts), HC=humongous(continues), CS=collection set, F=free, TAMS=top-at-mark-start, PB=parsable bottom
|   0|0x0000000080000000, 0x0000000080100000, 0x0000000080100000|100%|HS|  |TAMS 0x0000000080000000| PB 0x0000000080000000| Complete 
|   1|0x0000000080100000, 0x0000000080200000, 0x0000000080200000|100%|HC|  |TAMS 0x0000000080100000| PB 0x0000000080100000| Complete 
|   2|0x0000000080200000, 0x0000000080300000, 0x0000000080300000|100%|HC|  |TAMS 0x0000000080200000| PB 0x0000000080200000| Complete 
|   3|0x0000000080300000, 0x0000000080400000, 0x0000000080400000|100%| O|  |TAMS 0x0000000080300000| PB 0x0000000080300000| Untracked 
|   4|0x0000000080400000, 0x0000000080500000, 0x0000000080500000|100%| O|  |TAMS 0x0000000080400000| PB 0x0000000080400000| Untracked 
|   5|0x0000000080500000, 0x0000000080600000, 0x0000000080600000|100%| O|  |TAMS 0x0000000080500000| PB 0x0000000080500000| Untracked 
|   6|0x0000000080600000, 0x0000000080700000, 0x0000000080700000|100%|HS|  |TAMS 0x0000000080600000| PB 0x0000000080600000| Complete 
|   7|0x0000000080700000, 0x0000000080800000, 0x0000000080800000|100%| O|  |TAMS 0x0000000080700000| PB 0x0000000080700000| Untracked 
|   8|0x0000000080800000, 0x0000000080900000, 0x0000000080900000|100%| O|  |TAMS 0x0000000080800000| PB 0x0000000080800000| Untracked 
|   9|0x0000000080900000, 0x0000000080a00000, 0x0000000080a00000|100%| O|  |TAMS 0x0000000080900000| PB 0x0000000080900000| Untracked 
|  10|0x0000000080a00000, 0x0000000080b00000, 0x0000000080b00000|100%| O|  |TAMS 0x0000000080a00000| PB 0x0000000080a00000| Untracked 
|  11|0x0000000080b00000, 0x0000000080c00000, 0x0000000080c00000|100%| O|  |TAMS 0x0000000080b00000| PB 0x0000000080b00000| Untracked 
|  12|0x0000000080c00000, 0x0000000080cef0a0, 0x0000000080d00000| 93%| O|  |TAMS 0x0000000080c00000| PB 0x0000000080c00000| Untracked 
|  13|0x0000000080d00000, 0x0000000080e00000, 0x0000000080e00000|100%| O|  |TAMS 0x0000000080d00000| PB 0x0000000080d00000| Untracked 
|  14|0x0000000080e00000, 0x0000000080f00000, 0x0000000080f00000|100%| O|  |TAMS 0x0000000080e00000| PB 0x0000000080e00000| Untracked 
|  15|0x0000000080f00000, 0x0000000081000000, 0x0000000081000000|100%| O|  |TAMS 0x0000000080f00000| PB 0x0000000080f00000| Untracked 
|  16|0x0000000081000000, 0x0000000081100000, 0x0000000081100000|100%| O|  |TAMS 0x0000000081000000| PB 0x0000000081000000| Untracked 
|  17|0x0000000081100000, 0x0000000081200000, 0x0000000081200000|100%| O|  |TAMS 0x0000000081100000| PB 0x0000000081100000| Untracked 
|  18|0x0000000081200000, 0x0000000081300000, 0x0000000081300000|100%| O|  |TAMS 0x0000000081200000| PB 0x0000000081200000| Untracked 
|  19|0x0000000081300000, 0x0000000081400000, 0x0000000081400000|100%| O|  |TAMS 0x0000000081300000| PB 0x0000000081300000| Untracked 
|  20|0x0000000081400000, 0x0000000081500000, 0x0000000081500000|100%| O|  |TAMS 0x0000000081400000| PB 0x0000000081400000| Untracked 
|  21|0x0000000081500000, 0x0000000081600000, 0x0000000081600000|100%| O|  |TAMS 0x0000000081500000| PB 0x0000000081500000| Untracked 
|  22|0x0000000081600000, 0x0000000081700000, 0x0000000081700000|100%| O|  |TAMS 0x0000000081600000| PB 0x0000000081600000| Untracked 
|  23|0x0000000081700000, 0x0000000081800000, 0x0000000081800000|100%|HS|  |TAMS 0x0000000081700000| PB 0x0000000081700000| Complete 
|  24|0x0000000081800000, 0x0000000081900000, 0x0000000081900000|100%|HC|  |TAMS 0x0000000081800000| PB 0x0000000081800000| Complete 
|  25|0x0000000081900000, 0x0000000081a00000, 0x0000000081a00000|100%|HC|  |TAMS 0x0000000081900000| PB 0x0000000081900000| Complete 
|  26|0x0000000081a00000, 0x0000000081b00000, 0x0000000081b00000|100%|HC|  |TAMS 0x0000000081a00000| PB 0x0000000081a00000| Complete 
|  27|0x0000000081b00000, 0x0000000081c00000, 0x0000000081c00000|100%|HC|  |TAMS 0x0000000081b00000| PB 0x0000000081b00000| Complete 
|  28|0x0000000081c00000, 0x0000000081d00000, 0x0000000081d00000|100%|HC|  |TAMS 0x0000000081c00000| PB 0x0000000081c00000| Complete 
|  29|0x0000000081d00000, 0x0000000081e00000, 0x0000000081e00000|100%|HS|  |TAMS 0x0000000081d00000| PB 0x0000000081d00000| Complete 
|  30|0x0000000081e00000, 0x0000000081f00000, 0x0000000081f00000|100%|HS|  |TAMS 0x0000000081e00000| PB 0x0000000081e00000| Complete 
|  31|0x0000000081f00000, 0x0000000082000000, 0x0000000082000000|100%|HC|  |TAMS 0x0000000081f00000| PB 0x0000000081f00000| Complete 
|  32|0x0000000082000000, 0x0000000082100000, 0x0000000082100000|100%|HS|  |TAMS 0x0000000082000000| PB 0x0000000082000000| Complete 
|  33|0x0000000082100000, 0x0000000082200000, 0x0000000082200000|100%|HC|  |TAMS 0x0000000082100000| PB 0x0000000082100000| Complete 
|  34|0x0000000082200000, 0x0000000082300000, 0x0000000082300000|100%|HC|  |TAMS 0x0000000082200000| PB 0x0000000082200000| Complete 
|  35|0x0000000082300000, 0x0000000082400000, 0x0000000082400000|100%|HC|  |TAMS 0x0000000082300000| PB 0x0000000082300000| Complete 
|  36|0x0000000082400000, 0x0000000082500000, 0x0000000082500000|100%|HS|  |TAMS 0x0000000082400000| PB 0x0000000082400000| Complete 
|  37|0x0000000082500000, 0x0000000082600000, 0x0000000082600000|100%|HS|  |TAMS 0x0000000082500000| PB 0x0000000082500000| Complete 
|  38|0x0000000082600000, 0x0000000082700000, 0x0000000082700000|100%|HC|  |TAMS 0x0000000082600000| PB 0x0000000082600000| Complete 
|  39|0x0000000082700000, 0x0000000082800000, 0x0000000082800000|100%|HC|  |TAMS 0x0000000082700000| PB 0x0000000082700000| Complete 
|  40|0x0000000082800000, 0x0000000082900000, 0x0000000082900000|100%|HC|  |TAMS 0x0000000082800000| PB 0x0000000082800000| Complete 
|  41|0x0000000082900000, 0x0000000082a00000, 0x0000000082a00000|100%|HC|  |TAMS 0x0000000082900000| PB 0x0000000082900000| Complete 
|  42|0x0000000082a00000, 0x0000000082b00000, 0x0000000082b00000|100%|HC|  |TAMS 0x0000000082a00000| PB 0x0000000082a00000| Complete 
|  43|0x0000000082b00000, 0x0000000082c00000, 0x0000000082c00000|100%|HS|  |TAMS 0x0000000082b00000| PB 0x0000000082b00000| Complete 
|  44|0x0000000082c00000, 0x0000000082d00000, 0x0000000082d00000|100%|HS|  |TAMS 0x0000000082c00000| PB 0x0000000082c00000| Complete 
|  45|0x0000000082d00000, 0x0000000082e00000, 0x0000000082e00000|100%|HC|  |TAMS 0x0000000082d00000| PB 0x0000000082d00000| Complete 
|  46|0x0000000082e00000, 0x0000000082f00000, 0x0000000082f00000|100%|HS|  |TAMS 0x0000000082e00000| PB 0x0000000082e00000| Complete 
|  47|0x0000000082f00000, 0x0000000083000000, 0x0000000083000000|100%|HC|  |TAMS 0x0000000082f00000| PB 0x0000000082f00000| Complete 
|  48|0x0000000083000000, 0x0000000083100000, 0x0000000083100000|100%|HC|  |TAMS 0x0000000083000000| PB 0x0000000083000000| Complete 
|  49|0x0000000083100000, 0x0000000083200000, 0x0000000083200000|100%|HC|  |TAMS 0x0000000083100000| PB 0x0000000083100000| Complete 
|  50|0x0000000083200000, 0x0000000083300000, 0x0000000083300000|100%|HS|  |TAMS 0x0000000083200000| PB 0x0000000083200000| Complete 
|  51|0x0000000083300000, 0x0000000083400000, 0x0000000083400000|100%| O|  |TAMS 0x0000000083300000| PB 0x0000000083300000| Untracked 
|  52|0x0000000083400000, 0x0000000083500000, 0x0000000083500000|100%| O|  |TAMS 0x0000000083400000| PB 0x0000000083400000| Untracked 
|  53|0x0000000083500000, 0x0000000083600000, 0x0000000083600000|100%| O|  |TAMS 0x0000000083500000| PB 0x0000000083500000| Untracked 
|  54|0x0000000083600000, 0x0000000083700000, 0x0000000083700000|100%| O|  |TAMS 0x0000000083600000| PB 0x0000000083600000| Untracked 
|  55|0x0000000083700000, 0x0000000083800000, 0x0000000083800000|100%| O|  |TAMS 0x0000000083700000| PB 0x0000000083700000| Untracked 
|  56|0x0000000083800000, 0x0000000083900000, 0x0000000083900000|100%| O|  |TAMS 0x0000000083800000| PB 0x0000000083800000| Untracked 
|  57|0x0000000083900000, 0x0000000083a00000, 0x0000000083a00000|100%| O|  |TAMS 0x0000000083900000| PB 0x0000000083900000| Untracked 
|  58|0x0000000083a00000, 0x0000000083b00000, 0x0000000083b00000|100%| O|  |TAMS 0x0000000083a00000| PB 0x0000000083a00000| Untracked 
|  59|0x0000000083b00000, 0x0000000083c00000, 0x0000000083c00000|100%| O|  |TAMS 0x0000000083b00000| PB 0x0000000083b00000| Untracked 
|  60|0x0000000083c00000, 0x0000000083d00000, 0x0000000083d00000|100%| O|  |TAMS 0x0000000083c00000| PB 0x0000000083c00000| Untracked 
|  61|0x0000000083d00000, 0x0000000083e00000, 0x0000000083e00000|100%| O|  |TAMS 0x0000000083d00000| PB 0x0000000083d00000| Untracked 
|  62|0x0000000083e00000, 0x0000000083f00000, 0x0000000083f00000|100%| O|  |TAMS 0x0000000083e00000| PB 0x0000000083e00000| Untracked 
|  63|0x0000000083f00000, 0x0000000084000000, 0x0000000084000000|100%|HS|  |TAMS 0x0000000083f00000| PB 0x0000000083f00000| Complete 
|  64|0x0000000084000000, 0x0000000084100000, 0x0000000084100000|100%| O|  |TAMS 0x0000000084000000| PB 0x0000000084000000| Untracked 
|  65|0x0000000084100000, 0x0000000084200000, 0x0000000084200000|100%|HS|  |TAMS 0x0000000084100000| PB 0x0000000084100000| Complete 
|  66|0x0000000084200000, 0x0000000084300000, 0x0000000084300000|100%|HC|  |TAMS 0x0000000084200000| PB 0x0000000084200000| Complete 
|  67|0x0000000084300000, 0x0000000084400000, 0x0000000084400000|100%|HS|  |TAMS 0x0000000084300000| PB 0x0000000084300000| Complete 
|  68|0x0000000084400000, 0x0000000084500000, 0x0000000084500000|100%|HC|  |TAMS 0x0000000084400000| PB 0x0000000084400000| Complete 
|  69|0x0000000084500000, 0x0000000084600000, 0x0000000084600000|100%|HC|  |TAMS 0x0000000084500000| PB 0x0000000084500000| Complete 
|  70|0x0000000084600000, 0x0000000084700000, 0x0000000084700000|100%|HC|  |TAMS 0x0000000084600000| PB 0x0000000084600000| Complete 
|  71|0x0000000084700000, 0x0000000084800000, 0x0000000084800000|100%|HC|  |TAMS 0x0000000084700000| PB 0x0000000084700000| Complete 
|  72|0x0000000084800000, 0x0000000084900000, 0x0000000084900000|100%|HC|  |TAMS 0x0000000084800000| PB 0x0000000084800000| Complete 
|  73|0x0000000084900000, 0x0000000084a00000, 0x0000000084a00000|100%|HS|  |TAMS 0x0000000084900000| PB 0x0000000084900000| Complete 
|  74|0x0000000084a00000, 0x0000000084b00000, 0x0000000084b00000|100%|HC|  |TAMS 0x0000000084a00000| PB 0x0000000084a00000| Complete 
|  75|0x0000000084b00000, 0x0000000084c00000, 0x0000000084c00000|100%|HC|  |TAMS 0x0000000084b00000| PB 0x0000000084b00000| Complete 
|  76|0x0000000084c00000, 0x0000000084d00000, 0x0000000084d00000|100%|HC|  |TAMS 0x0000000084c00000| PB 0x0000000084c00000| Complete 
|  77|0x0000000084d00000, 0x0000000084e00000, 0x0000000084e00000|100%|HC|  |TAMS 0x0000000084d00000| PB 0x0000000084d00000| Complete 
|  78|0x0000000084e00000, 0x0000000084f00000, 0x0000000084f00000|100%|HC|  |TAMS 0x0000000084e00000| PB 0x0000000084e00000| Complete 
|  79|0x0000000084f00000, 0x0000000085000000, 0x0000000085000000|100%|HS|  |TAMS 0x0000000084f00000| PB 0x0000000084f00000| Complete 
|  80|0x0000000085000000, 0x0000000085100000, 0x0000000085100000|100%| O|  |TAMS 0x0000000085000000| PB 0x0000000085000000| Untracked 
|  81|0x0000000085100000, 0x0000000085200000, 0x0000000085200000|100%| O|  |TAMS 0x0000000085100000| PB 0x0000000085100000| Untracked 
|  82|0x0000000085200000, 0x0000000085300000, 0x0000000085300000|100%| O|  |TAMS 0x0000000085200000| PB 0x0000000085200000| Untracked 
|  83|0x0000000085300000, 0x0000000085400000, 0x0000000085400000|100%| O|  |TAMS 0x0000000085300000| PB 0x0000000085300000| Untracked 
|  84|0x0000000085400000, 0x0000000085500000, 0x0000000085500000|100%| O|  |TAMS 0x0000000085400000| PB 0x0000000085400000| Untracked 
|  85|0x0000000085500000, 0x0000000085600000, 0x0000000085600000|100%| O|  |TAMS 0x0000000085500000| PB 0x0000000085500000| Untracked 
|  86|0x0000000085600000, 0x0000000085600000, 0x0000000085700000|  0%| F|  |TAMS 0x0000000085600000| PB 0x0000000085600000| Untracked 
|  87|0x0000000085700000, 0x0000000085800000, 0x0000000085800000|100%| O|  |TAMS 0x0000000085700000| PB 0x0000000085700000| Untracked 
|  88|0x0000000085800000, 0x0000000085900000, 0x0000000085900000|100%| O|  |TAMS 0x0000000085800000| PB 0x0000000085800000| Untracked 
|  89|0x0000000085900000, 0x0000000085a00000, 0x0000000085a00000|100%| O|  |TAMS 0x0000000085900000| PB 0x0000000085900000| Untracked 
|  90|0x0000000085a00000, 0x0000000085b00000, 0x0000000085b00000|100%| O|  |TAMS 0x0000000085a00000| PB 0x0000000085a00000| Untracked 
|  91|0x0000000085b00000, 0x0000000085bb4640, 0x0000000085c00000| 70%| O|  |TAMS 0x0000000085b00000| PB 0x0000000085b00000| Untracked 
|  92|0x0000000085c00000, 0x0000000085c00000, 0x0000000085d00000|  0%| F|  |TAMS 0x0000000085c00000| PB 0x0000000085c00000| Untracked 
|  93|0x0000000085d00000, 0x0000000085d00000, 0x0000000085e00000|  0%| F|  |TAMS 0x0000000085d00000| PB 0x0000000085d00000| Untracked 
|  94|0x0000000085e00000, 0x0000000085e00000, 0x0000000085f00000|  0%| F|  |TAMS 0x0000000085e00000| PB 0x0000000085e00000| Untracked 
|  95|0x0000000085f00000, 0x0000000085f00000, 0x0000000086000000|  0%| F|  |TAMS 0x0000000085f00000| PB 0x0000000085f00000| Untracked 
|  96|0x0000000086000000, 0x0000000086100000, 0x0000000086100000|100%| S|CS|TAMS 0x0000000086000000| PB 0x0000000086000000| Complete 
|  97|0x0000000086100000, 0x0000000086200000, 0x0000000086200000|100%| S|CS|TAMS 0x0000000086100000| PB 0x0000000086100000| Complete 
|  98|0x0000000086200000, 0x0000000086300000, 0x0000000086300000|100%| S|CS|TAMS 0x0000000086200000| PB 0x0000000086200000| Complete 
|  99|0x0000000086300000, 0x0000000086400000, 0x0000000086400000|100%| S|CS|TAMS 0x0000000086300000| PB 0x0000000086300000| Complete 
| 100|0x0000000086400000, 0x0000000086500000, 0x0000000086500000|100%| S|CS|TAMS 0x0000000086400000| PB 0x0000000086400000| Complete 
| 101|0x0000000086500000, 0x0000000086600000, 0x0000000086600000|100%| S|CS|TAMS 0x0000000086500000| PB 0x0000000086500000| Complete 
| 102|0x0000000086600000, 0x0000000086700000, 0x0000000086700000|100%| S|CS|TAMS 0x0000000086600000| PB 0x0000000086600000| Complete 
| 103|0x0000000086700000, 0x0000000086700000, 0x0000000086800000|  0%| F|  |TAMS 0x0000000086700000| PB 0x0000000086700000| Untracked 
| 104|0x0000000086800000, 0x0000000086800000, 0x0000000086900000|  0%| F|  |TAMS 0x0000000086800000| PB 0x0000000086800000| Untracked 
| 105|0x0000000086900000, 0x0000000086900000, 0x0000000086a00000|  0%| F|  |TAMS 0x0000000086900000| PB 0x0000000086900000| Untracked 
| 106|0x0000000086a00000, 0x0000000086a00000, 0x0000000086b00000|  0%| F|  |TAMS 0x0000000086a00000| PB 0x0000000086a00000| Untracked 
| 107|0x0000000086b00000, 0x0000000086b00000, 0x0000000086c00000|  0%| F|  |TAMS 0x0000000086b00000| PB 0x0000000086b00000| Untracked 
| 108|0x0000000086c00000, 0x0000000086c00000, 0x0000000086d00000|  0%| F|  |TAMS 0x0000000086c00000| PB 0x0000000086c00000| Untracked 
| 109|0x0000000086d00000, 0x0000000086d00000, 0x0000000086e00000|  0%| F|  |TAMS 0x0000000086d00000| PB 0x0000000086d00000| Untracked 
| 110|0x0000000086e00000, 0x0000000086e00000, 0x0000000086f00000|  0%| F|  |TAMS 0x0000000086e00000| PB 0x0000000086e00000| Untracked 
| 111|0x0000000086f00000, 0x0000000086f00000, 0x0000000087000000|  0%| F|  |TAMS 0x0000000086f00000| PB 0x0000000086f00000| Untracked 
| 112|0x0000000087000000, 0x0000000087000000, 0x0000000087100000|  0%| F|  |TAMS 0x0000000087000000| PB 0x0000000087000000| Untracked 
| 113|0x0000000087100000, 0x0000000087100000, 0x0000000087200000|  0%| F|  |TAMS 0x0000000087100000| PB 0x0000000087100000| Untracked 
| 114|0x0000000087200000, 0x0000000087200000, 0x0000000087300000|  0%| F|  |TAMS 0x0000000087200000| PB 0x0000000087200000| Untracked 
| 115|0x0000000087300000, 0x0000000087300000, 0x0000000087400000|  0%| F|  |TAMS 0x0000000087300000| PB 0x0000000087300000| Untracked 
| 116|0x0000000087400000, 0x0000000087400000, 0x0000000087500000|  0%| F|  |TAMS 0x0000000087400000| PB 0x0000000087400000| Untracked 
| 117|0x0000000087500000, 0x0000000087500000, 0x0000000087600000|  0%| F|  |TAMS 0x0000000087500000| PB 0x0000000087500000| Untracked 
| 118|0x0000000087600000, 0x0000000087600000, 0x0000000087700000|  0%| F|  |TAMS 0x0000000087600000| PB 0x0000000087600000| Untracked 
| 119|0x0000000087700000, 0x0000000087700000, 0x0000000087800000|  0%| F|  |TAMS 0x0000000087700000| PB 0x0000000087700000| Untracked 
| 120|0x0000000087800000, 0x0000000087800000, 0x0000000087900000|  0%| F|  |TAMS 0x0000000087800000| PB 0x0000000087800000| Untracked 
| 121|0x0000000087900000, 0x0000000087900000, 0x0000000087a00000|  0%| F|  |TAMS 0x0000000087900000| PB 0x0000000087900000| Untracked 
| 122|0x0000000087a00000, 0x0000000087a00000, 0x0000000087b00000|  0%| F|  |TAMS 0x0000000087a00000| PB 0x0000000087a00000| Untracked 
| 123|0x0000000087b00000, 0x0000000087b00000, 0x0000000087c00000|  0%| F|  |TAMS 0x0000000087b00000| PB 0x0000000087b00000| Untracked 
| 124|0x0000000087c00000, 0x0000000087c00000, 0x0000000087d00000|  0%| F|  |TAMS 0x0000000087c00000| PB 0x0000000087c00000| Untracked 
| 125|0x0000000087d00000, 0x0000000087d00000, 0x0000000087e00000|  0%| F|  |TAMS 0x0000000087d00000| PB 0x0000000087d00000| Untracked 
| 126|0x0000000087e00000, 0x0000000087e00000, 0x0000000087f00000|  0%| F|  |TAMS 0x0000000087e00000| PB 0x0000000087e00000| Untracked 
| 127|0x0000000087f00000, 0x0000000087f00000, 0x0000000088000000|  0%| F|  |TAMS 0x0000000087f00000| PB 0x0000000087f00000| Untracked 
| 128|0x0000000088000000, 0x0000000088000000, 0x0000000088100000|  0%| F|  |TAMS 0x0000000088000000| PB 0x0000000088000000| Untracked 
| 129|0x0000000088100000, 0x0000000088100000, 0x0000000088200000|  0%| F|  |TAMS 0x0000000088100000| PB 0x0000000088100000| Untracked 
| 130|0x0000000088200000, 0x0000000088200000, 0x0000000088300000|  0%| F|  |TAMS 0x0000000088200000| PB 0x0000000088200000| Untracked 
| 131|0x0000000088300000, 0x0000000088300000, 0x0000000088400000|  0%| F|  |TAMS 0x0000000088300000| PB 0x0000000088300000| Untracked 
| 132|0x0000000088400000, 0x0000000088400000, 0x0000000088500000|  0%| F|  |TAMS 0x0000000088400000| PB 0x0000000088400000| Untracked 
| 133|0x0000000088500000, 0x0000000088500000, 0x0000000088600000|  0%| F|  |TAMS 0x0000000088500000| PB 0x0000000088500000| Untracked 
| 134|0x0000000088600000, 0x0000000088600000, 0x0000000088700000|  0%| F|  |TAMS 0x0000000088600000| PB 0x0000000088600000| Untracked 
| 135|0x0000000088700000, 0x0000000088700000, 0x0000000088800000|  0%| F|  |TAMS 0x0000000088700000| PB 0x0000000088700000| Untracked 
| 136|0x0000000088800000, 0x0000000088800000, 0x0000000088900000|  0%| F|  |TAMS 0x0000000088800000| PB 0x0000000088800000| Untracked 
| 137|0x0000000088900000, 0x0000000088900000, 0x0000000088a00000|  0%| F|  |TAMS 0x0000000088900000| PB 0x0000000088900000| Untracked 
| 138|0x0000000088a00000, 0x0000000088a00000, 0x0000000088b00000|  0%| F|  |TAMS 0x0000000088a00000| PB 0x0000000088a00000| Untracked 
| 139|0x0000000088b00000, 0x0000000088b00000, 0x0000000088c00000|  0%| F|  |TAMS 0x0000000088b00000| PB 0x0000000088b00000| Untracked 
| 140|0x0000000088c00000, 0x0000000088cda7d0, 0x0000000088d00000| 85%| E|  |TAMS 0x0000000088c00000| PB 0x0000000088c00000| Complete 
| 141|0x0000000088d00000, 0x0000000088e00000, 0x0000000088e00000|100%| E|CS|TAMS 0x0000000088d00000| PB 0x0000000088d00000| Complete 
| 142|0x0000000088e00000, 0x0000000088f00000, 0x0000000088f00000|100%| E|CS|TAMS 0x0000000088e00000| PB 0x0000000088e00000| Complete 
| 143|0x0000000088f00000, 0x0000000089000000, 0x0000000089000000|100%| E|CS|TAMS 0x0000000088f00000| PB 0x0000000088f00000| Complete 
| 224|0x000000008e000000, 0x000000008e100000, 0x000000008e100000|100%| E|  |TAMS 0x000000008e000000| PB 0x000000008e000000| Complete 
| 225|0x000000008e100000, 0x000000008e200000, 0x000000008e200000|100%| E|CS|TAMS 0x000000008e100000| PB 0x000000008e100000| Complete 
| 226|0x000000008e200000, 0x000000008e300000, 0x000000008e300000|100%| E|CS|TAMS 0x000000008e200000| PB 0x000000008e200000| Complete 
| 227|0x000000008e300000, 0x000000008e400000, 0x000000008e400000|100%| E|CS|TAMS 0x000000008e300000| PB 0x000000008e300000| Complete 
| 228|0x000000008e400000, 0x000000008e500000, 0x000000008e500000|100%| E|CS|TAMS 0x000000008e400000| PB 0x000000008e400000| Complete 
| 229|0x000000008e500000, 0x000000008e600000, 0x000000008e600000|100%| E|CS|TAMS 0x000000008e500000| PB 0x000000008e500000| Complete 
| 230|0x000000008e600000, 0x000000008e700000, 0x000000008e700000|100%| E|CS|TAMS 0x000000008e600000| PB 0x000000008e600000| Complete 
| 231|0x000000008e700000, 0x000000008e800000, 0x000000008e800000|100%| E|CS|TAMS 0x000000008e700000| PB 0x000000008e700000| Complete 
| 251|0x000000008fb00000, 0x000000008fc00000, 0x000000008fc00000|100%| E|CS|TAMS 0x000000008fb00000| PB 0x000000008fb00000| Complete 
|2041|0x00000000ff900000, 0x00000000ffa00000, 0x00000000ffa00000|100%| O|  |TAMS 0x00000000ff900000| PB 0x00000000ff900000| Untracked 
|2042|0x00000000ffa00000, 0x00000000ffb00000, 0x00000000ffb00000|100%| O|  |TAMS 0x00000000ffa00000| PB 0x00000000ffa00000| Untracked 
|2043|0x00000000ffb00000, 0x00000000ffc00000, 0x00000000ffc00000|100%| O|  |TAMS 0x00000000ffb00000| PB 0x00000000ffb00000| Untracked 
|2044|0x00000000ffc00000, 0x00000000ffd00000, 0x00000000ffd00000|100%| O|  |TAMS 0x00000000ffc00000| PB 0x00000000ffc00000| Untracked 
|2045|0x00000000ffd00000, 0x00000000ffe00000, 0x00000000ffe00000|100%| E|CS|TAMS 0x00000000ffd00000| PB 0x00000000ffd00000| Complete 
|2046|0x00000000ffe00000, 0x00000000fff00000, 0x00000000fff00000|100%| O|  |TAMS 0x00000000ffe00000| PB 0x00000000ffe00000| Untracked 
|2047|0x00000000fff00000, 0x0000000100000000, 0x0000000100000000|100%| O|  |TAMS 0x00000000fff00000| PB 0x00000000fff00000| Untracked 

Card table byte_map: [0x000002027ad50000,0x000002027b150000] _byte_map_base: 0x000002027a950000

Marking Bits: (CMBitMap*) 0x0000020268304580
 Bits: [0x000002027b150000, 0x000002027d150000)

Polling page: 0x0000020266120000

Metaspace:

Usage:
  Non-class:     62.71 MB used.
      Class:     10.30 MB used.
       Both:     73.01 MB used.

Virtual space:
  Non-class space:       64.00 MB reserved,      63.62 MB (>99%) committed,  1 nodes.
      Class space:        1.00 GB reserved,      11.12 MB (  1%) committed,  1 nodes.
             Both:        1.06 GB reserved,      74.75 MB (  7%) committed. 

Chunk freelists:
   Non-Class:  432.00 KB
       Class:  4.70 MB
        Both:  5.12 MB

MaxMetaspaceSize: unlimited
CompressedClassSpaceSize: 1.00 GB
Initial GC threshold: 21.00 MB
Current GC threshold: 114.94 MB
CDS: off
 - commit_granule_bytes: 65536.
 - commit_granule_words: 8192.
 - virtual_space_node_default_size: 8388608.
 - enlarge_chunks_in_place: 1.
 - use_allocation_guard: 0.


Internal statistics:

num_allocs_failed_limit: 6.
num_arena_births: 3386.
num_arena_deaths: 0.
num_vsnodes_births: 2.
num_vsnodes_deaths: 0.
num_space_committed: 1196.
num_space_uncommitted: 0.
num_chunks_returned_to_freelist: 6.
num_chunks_taken_from_freelist: 6580.
num_chunk_merges: 3.
num_chunk_splits: 4237.
num_chunks_enlarged: 2522.
num_inconsistent_stats: 0.

CodeHeap 'non-profiled nmethods': size=120000Kb used=4161Kb max_used=4161Kb free=115838Kb
 bounds [0x0000020272ed0000, 0x00000202732f0000, 0x000002027a400000]
CodeHeap 'profiled nmethods': size=120000Kb used=13555Kb max_used=13555Kb free=106444Kb
 bounds [0x000002026b400000, 0x000002026c140000, 0x0000020272930000]
CodeHeap 'non-nmethods': size=5760Kb used=2758Kb max_used=2813Kb free=3001Kb
 bounds [0x0000020272930000, 0x0000020272c00000, 0x0000020272ed0000]
CodeCache: size=245760Kb, used=20474Kb, max_used=20529Kb, free=225283Kb
 total_blobs=8248, nmethods=7347, adapters=805, full_count=0
Compilation: enabled, stopped_count=0, restarted_count=0

Compilation events (20 events):
Event: 40.825 Thread 0x000002020011c970 nmethod 8257 0x000002026c126b90 code [0x000002026c126d20, 0x000002026c126e58]
Event: 40.825 Thread 0x000002020011c970 8258       3       java.nio.Buffer::rewind (12 bytes)
Event: 40.825 Thread 0x000002020011c970 nmethod 8258 0x000002026c126f10 code [0x000002026c1270a0, 0x000002026c1271c0]
Event: 40.829 Thread 0x000002020011c970 8260   !   3       org.gradle.internal.operations.DefaultBuildOperationQueue::add (149 bytes)
Event: 40.830 Thread 0x000002020011c970 nmethod 8260 0x000002026c127290 code [0x000002026c127600, 0x000002026c128b00]
Event: 40.830 Thread 0x000002020011c970 8261   !   3       org.gradle.internal.operations.DefaultBuildOperationQueue$WorkerRunnable::runOperation (26 bytes)
Event: 40.830 Thread 0x000002020011c970 nmethod 8261 0x000002026c129490 code [0x000002026c129680, 0x000002026c129a08]
Event: 40.830 Thread 0x000002020011c970 8262       3       org.gradle.internal.operations.DefaultBuildOperationExecutor$QueueWorker::execute (22 bytes)
Event: 40.830 Thread 0x000002020011c970 nmethod 8262 0x000002026c129d10 code [0x000002026c129ec0, 0x000002026c12a078]
Event: 40.831 Thread 0x000002020011c970 8263       3       com.google.common.collect.ImmutableSortedMap::fromEntries (353 bytes)
Event: 40.833 Thread 0x000002020011c970 nmethod 8263 0x000002026c12a190 code [0x000002026c12a800, 0x000002026c12e970]
Event: 40.833 Thread 0x000002020011c970 8264       3       java.nio.MappedByteBuffer::rewind (7 bytes)
Event: 40.833 Thread 0x000002020011c970 nmethod 8264 0x000002026c12ff90 code [0x000002026c130140, 0x000002026c130318]
Event: 40.834 Thread 0x000002020011c970 8265       3       org.gradle.api.internal.artifacts.transform.TransformExecutionResult$Builder$MixedInputAndProducedOutputResult$$Lambda/0x00000001008bb188::apply (12 bytes)
Event: 40.834 Thread 0x000002020011c970 nmethod 8265 0x000002026c130410 code [0x000002026c1305e0, 0x000002026c130910]
Event: 40.834 Thread 0x000002020011c970 8266       3       org.gradle.api.internal.artifacts.transform.TransformExecutionResult$Builder$MixedInputAndProducedOutputResult::lambda$resolveForWorkspace$0 (8 bytes)
Event: 40.834 Thread 0x000002020011c970 nmethod 8266 0x000002026c130a10 code [0x000002026c130bc0, 0x000002026c130d78]
Event: 40.843 Thread 0x000002020011c970 8268   !   3       sun.nio.cs.StreamDecoder::read (78 bytes)
Event: 40.843 Thread 0x000002020011c970 nmethod 8268 0x000002026c130e90 code [0x000002026c131120, 0x000002026c131f00]
Event: 40.844 Thread 0x000002020011c970 8269       3       org.gradle.tooling.internal.provider.runner.ClientBuildEventGenerator::progress (35 bytes)

GC Heap History (20 events):
Event: 22.582 GC heap before
{Heap before GC invocations=11 (full 0):
 garbage-first heap   total 90112K, used 80289K [0x0000000080000000, 0x0000000100000000)
  region size 1024K, 19 young (19456K), 1 survivors (1024K)
 Metaspace       used 42673K, committed 43584K, reserved 1114112K
  class space    used 5971K, committed 6400K, reserved 1048576K
}
Event: 22.585 GC heap after
{Heap after GC invocations=12 (full 0):
 garbage-first heap   total 90112K, used 64580K [0x0000000080000000, 0x0000000100000000)
  region size 1024K, 3 young (3072K), 3 survivors (3072K)
 Metaspace       used 42673K, committed 43584K, reserved 1114112K
  class space    used 5971K, committed 6400K, reserved 1048576K
}
Event: 23.126 GC heap before
{Heap before GC invocations=13 (full 0):
 garbage-first heap   total 109568K, used 78916K [0x0000000080000000, 0x0000000100000000)
  region size 1024K, 18 young (18432K), 3 survivors (3072K)
 Metaspace       used 46432K, committed 47424K, reserved 1114112K
  class space    used 6395K, committed 6848K, reserved 1048576K
}
Event: 23.131 GC heap after
{Heap after GC invocations=14 (full 0):
 garbage-first heap   total 143360K, used 66948K [0x0000000080000000, 0x0000000100000000)
  region size 1024K, 3 young (3072K), 3 survivors (3072K)
 Metaspace       used 46432K, committed 47424K, reserved 1114112K
  class space    used 6395K, committed 6848K, reserved 1048576K
}
Event: 24.568 GC heap before
{Heap before GC invocations=14 (full 0):
 garbage-first heap   total 143360K, used 125316K [0x0000000080000000, 0x0000000100000000)
  region size 1024K, 56 young (57344K), 3 survivors (3072K)
 Metaspace       used 50922K, committed 52032K, reserved 1114112K
  class space    used 6978K, committed 7488K, reserved 1048576K
}
Event: 24.573 GC heap after
{Heap after GC invocations=15 (full 0):
 garbage-first heap   total 143360K, used 69709K [0x0000000080000000, 0x0000000100000000)
  region size 1024K, 6 young (6144K), 6 survivors (6144K)
 Metaspace       used 50922K, committed 52032K, reserved 1114112K
  class space    used 6978K, committed 7488K, reserved 1048576K
}
Event: 26.754 GC heap before
{Heap before GC invocations=15 (full 0):
 garbage-first heap   total 143360K, used 123981K [0x0000000080000000, 0x0000000100000000)
  region size 1024K, 59 young (60416K), 6 survivors (6144K)
 Metaspace       used 57356K, committed 58816K, reserved 1114112K
  class space    used 8104K, committed 8832K, reserved 1048576K
}
Event: 26.759 GC heap after
{Heap after GC invocations=16 (full 0):
 garbage-first heap   total 143360K, used 72584K [0x0000000080000000, 0x0000000100000000)
  region size 1024K, 3 young (3072K), 3 survivors (3072K)
 Metaspace       used 57356K, committed 58816K, reserved 1114112K
  class space    used 8104K, committed 8832K, reserved 1048576K
}
Event: 27.056 GC heap before
{Heap before GC invocations=16 (full 0):
 garbage-first heap   total 143360K, used 76680K [0x0000000080000000, 0x0000000100000000)
  region size 1024K, 8 young (8192K), 3 survivors (3072K)
 Metaspace       used 57551K, committed 59072K, reserved 1114112K
  class space    used 8132K, committed 8832K, reserved 1048576K
}
Event: 27.064 GC heap after
{Heap after GC invocations=17 (full 0):
 garbage-first heap   total 143360K, used 73976K [0x0000000080000000, 0x0000000100000000)
  region size 1024K, 5 young (5120K), 5 survivors (5120K)
 Metaspace       used 57551K, committed 59072K, reserved 1114112K
  class space    used 8132K, committed 8832K, reserved 1048576K
}
Event: 31.212 GC heap before
{Heap before GC invocations=18 (full 0):
 garbage-first heap   total 143360K, used 139512K [0x0000000080000000, 0x0000000100000000)
  region size 1024K, 52 young (53248K), 5 survivors (5120K)
 Metaspace       used 60536K, committed 62144K, reserved 1114112K
  class space    used 8416K, committed 9152K, reserved 1048576K
}
Event: 31.233 GC heap after
{Heap after GC invocations=19 (full 0):
 garbage-first heap   total 151552K, used 95530K [0x0000000080000000, 0x0000000100000000)
  region size 1024K, 7 young (7168K), 7 survivors (7168K)
 Metaspace       used 60536K, committed 62144K, reserved 1114112K
  class space    used 8416K, committed 9152K, reserved 1048576K
}
Event: 32.604 GC heap before
{Heap before GC invocations=19 (full 0):
 garbage-first heap   total 151552K, used 134442K [0x0000000080000000, 0x0000000100000000)
  region size 1024K, 45 young (46080K), 7 survivors (7168K)
 Metaspace       used 63786K, committed 65408K, reserved 1114112K
  class space    used 8900K, committed 9664K, reserved 1048576K
}
Event: 32.610 GC heap after
{Heap after GC invocations=20 (full 0):
 garbage-first heap   total 151552K, used 96353K [0x0000000080000000, 0x0000000100000000)
  region size 1024K, 3 young (3072K), 3 survivors (3072K)
 Metaspace       used 63786K, committed 65408K, reserved 1114112K
  class space    used 8900K, committed 9664K, reserved 1048576K
}
Event: 34.409 GC heap before
{Heap before GC invocations=20 (full 0):
 garbage-first heap   total 151552K, used 136289K [0x0000000080000000, 0x0000000100000000)
  region size 1024K, 42 young (43008K), 3 survivors (3072K)
 Metaspace       used 68868K, committed 70528K, reserved 1114112K
  class space    used 9681K, committed 10496K, reserved 1048576K
}
Event: 34.414 GC heap after
{Heap after GC invocations=21 (full 0):
 garbage-first heap   total 151552K, used 99232K [0x0000000080000000, 0x0000000100000000)
  region size 1024K, 5 young (5120K), 5 survivors (5120K)
 Metaspace       used 68868K, committed 70528K, reserved 1114112K
  class space    used 9681K, committed 10496K, reserved 1048576K
}
Event: 37.405 GC heap before
{Heap before GC invocations=22 (full 0):
 garbage-first heap   total 163840K, used 136124K [0x0000000080000000, 0x0000000100000000)
  region size 1024K, 43 young (44032K), 5 survivors (5120K)
 Metaspace       used 72674K, committed 74432K, reserved 1114112K
  class space    used 10314K, committed 11136K, reserved 1048576K
}
Event: 37.415 GC heap after
{Heap after GC invocations=23 (full 0):
 garbage-first heap   total 163840K, used 100262K [0x0000000080000000, 0x0000000100000000)
  region size 1024K, 3 young (3072K), 3 survivors (3072K)
 Metaspace       used 72674K, committed 74432K, reserved 1114112K
  class space    used 10314K, committed 11136K, reserved 1048576K
}
Event: 40.756 GC heap before
{Heap before GC invocations=23 (full 0):
 garbage-first heap   total 163840K, used 147366K [0x0000000080000000, 0x0000000100000000)
  region size 1024K, 50 young (51200K), 3 survivors (3072K)
 Metaspace       used 74701K, committed 76480K, reserved 1114112K
  class space    used 10545K, committed 11392K, reserved 1048576K
}
Event: 40.761 GC heap after
{Heap after GC invocations=24 (full 0):
 garbage-first heap   total 163840K, used 106125K [0x0000000080000000, 0x0000000100000000)
  region size 1024K, 7 young (7168K), 7 survivors (7168K)
 Metaspace       used 74701K, committed 76480K, reserved 1114112K
  class space    used 10545K, committed 11392K, reserved 1048576K
}

Dll operation events (3 events):
Event: 0.016 Loaded shared library C:\Program Files\Android\Android Studio\jbr\bin\java.dll
Event: 0.177 Loaded shared library C:\Program Files\Android\Android Studio\jbr\bin\zip.dll
Event: 3.515 Loaded shared library C:\Program Files\Android\Android Studio\jbr\bin\verify.dll

Deoptimization events (20 events):
Event: 39.557 Thread 0x0000020200a42430 DEOPT PACKING pc=0x000002026bba95e6 sp=0x0000009cd94fd990
Event: 39.557 Thread 0x0000020200a42430 DEOPT UNPACKING pc=0x0000020272984e42 sp=0x0000009cd94fced8 mode 0
Event: 39.568 Thread 0x0000020200a409f0 DEOPT PACKING pc=0x000002026bba95e6 sp=0x0000009cd90fd490
Event: 39.568 Thread 0x0000020200a409f0 DEOPT UNPACKING pc=0x0000020272984e42 sp=0x0000009cd90fc9d8 mode 0
Event: 40.624 Thread 0x0000020206160c80 Uncommon trap: trap_request=0xffffff45 fr.pc=0x00000202731c64a8 relative=0x0000000000000228
Event: 40.624 Thread 0x0000020206160c80 Uncommon trap: reason=unstable_if action=reinterpret pc=0x00000202731c64a8 method=org.gradle.internal.snapshot.PathUtil.equalChars(CCLorg/gradle/internal/snapshot/CaseSensitivity;)Z @ 11 c2
Event: 40.624 Thread 0x0000020206160c80 DEOPT PACKING pc=0x00000202731c64a8 sp=0x0000009cd5cf1370
Event: 40.624 Thread 0x0000020206160c80 DEOPT UNPACKING pc=0x00000202729846a2 sp=0x0000009cd5cf12f8 mode 2
Event: 40.624 Thread 0x0000020206160c80 Uncommon trap: trap_request=0xffffff45 fr.pc=0x000002027309a088 relative=0x0000000000000068
Event: 40.624 Thread 0x0000020206160c80 Uncommon trap: reason=unstable_if action=reinterpret pc=0x000002027309a088 method=org.gradle.internal.snapshot.PathUtil.compareCharsIgnoringCase(CC)I @ 11 c2
Event: 40.624 Thread 0x0000020206160c80 DEOPT PACKING pc=0x000002027309a088 sp=0x0000009cd5cf1120
Event: 40.624 Thread 0x0000020206160c80 DEOPT UNPACKING pc=0x00000202729846a2 sp=0x0000009cd5cf10c0 mode 2
Event: 40.635 Thread 0x0000020206160c80 Uncommon trap: trap_request=0xffffff45 fr.pc=0x00000202731e1688 relative=0x00000000000001a8
Event: 40.635 Thread 0x0000020206160c80 Uncommon trap: reason=unstable_if action=reinterpret pc=0x00000202731e1688 method=org.gradle.internal.snapshot.VfsRelativePath.isPrefix(Ljava/lang/String;ILjava/lang/String;ILorg/gradle/internal/snapshot/CaseSensitivity;)Z @ 101 c2
Event: 40.635 Thread 0x0000020206160c80 DEOPT PACKING pc=0x00000202731e1688 sp=0x0000009cd5cf2ae0
Event: 40.635 Thread 0x0000020206160c80 DEOPT UNPACKING pc=0x00000202729846a2 sp=0x0000009cd5cf29c0 mode 2
Event: 40.635 Thread 0x0000020206160c80 Uncommon trap: trap_request=0xffffff45 fr.pc=0x0000020272f0195c relative=0x000000000000077c
Event: 40.635 Thread 0x0000020206160c80 Uncommon trap: reason=unstable_if action=reinterpret pc=0x0000020272f0195c method=org.gradle.internal.snapshot.VfsRelativePath.isPrefix(Ljava/lang/String;ILjava/lang/String;ILorg/gradle/internal/snapshot/CaseSensitivity;)Z @ 101 c2
Event: 40.635 Thread 0x0000020206160c80 DEOPT PACKING pc=0x0000020272f0195c sp=0x0000009cd5cf2300
Event: 40.635 Thread 0x0000020206160c80 DEOPT UNPACKING pc=0x00000202729846a2 sp=0x0000009cd5cf2288 mode 2

Classes loaded (20 events):
Event: 35.784 Loading class java/lang/invoke/SerializedLambda$1
Event: 35.784 Loading class java/lang/invoke/SerializedLambda$1 done
Event: 35.896 Loading class org/xml/sax/SAXParseException
Event: 35.896 Loading class org/xml/sax/SAXParseException done
Event: 35.896 Loading class org/xml/sax/Attributes
Event: 35.896 Loading class org/xml/sax/Attributes done
Event: 35.897 Loading class org/xml/sax/Locator
Event: 35.897 Loading class org/xml/sax/Locator done
Event: 36.054 Loading class java/util/DualPivotQuicksort
Event: 36.059 Loading class java/util/DualPivotQuicksort done
Event: 36.327 Loading class java/util/function/LongUnaryOperator
Event: 36.327 Loading class java/util/function/LongUnaryOperator done
Event: 39.110 Loading class java/util/Collections$ReverseComparator
Event: 39.110 Loading class java/util/Collections$ReverseComparator done
Event: 39.110 Loading class java/util/Collections$ReverseComparator2
Event: 39.110 Loading class java/util/Collections$ReverseComparator2 done
Event: 39.500 Loading class java/util/LinkedList$LLSpliterator
Event: 39.501 Loading class java/util/LinkedList$LLSpliterator done
Event: 40.676 Loading class java/lang/foreign/MemorySegment
Event: 40.677 Loading class java/lang/foreign/MemorySegment done

Classes unloaded (0 events):
No events

Classes redefined (0 events):
No events

Internal exceptions (20 events):
Event: 35.787 Thread 0x0000020206160c80 Exception <a 'java/lang/NoSuchMethodError'{0x0000000088826470}: 'void java.lang.invoke.Invokers$Holder.invokeExact_MT(java.lang.Object, java.lang.Object, long, java.lang.Object)'> (0x0000000088826470) 
thrown [s\src\hotspot\share\interpreter\linkResolver.cpp, line 784]
Event: 35.809 Thread 0x0000020206160c80 Exception <a 'java/lang/ClassNotFoundException'{0x00000000887620d0}: org/gradle/api/internal/project/DefaultProject_DecoratedBeanInfo> (0x00000000887620d0) 
thrown [s\src\hotspot\share\classfile\systemDictionary.cpp, line 312]
Event: 35.810 Thread 0x0000020206160c80 Exception <a 'java/lang/ClassNotFoundException'{0x000000008876e2f0}: org/gradle/api/internal/project/DefaultProjectBeanInfo> (0x000000008876e2f0) 
thrown [s\src\hotspot\share\classfile\systemDictionary.cpp, line 312]
Event: 35.810 Thread 0x0000020206160c80 Exception <a 'java/lang/ClassNotFoundException'{0x000000008877a5c8}: org/gradle/api/internal/project/DefaultProjectCustomizer> (0x000000008877a5c8) 
thrown [s\src\hotspot\share\classfile\systemDictionary.cpp, line 312]
Event: 35.887 Thread 0x0000020206160c80 Exception <a 'java/lang/ClassNotFoundException'{0x0000000088638998}: org/gradle/api/internal/project/DefaultProject_DecoratedCustomizer> (0x0000000088638998) 
thrown [s\src\hotspot\share\classfile\systemDictionary.cpp, line 312]
Event: 36.328 Thread 0x0000020206160c80 Exception <a 'java/lang/NoSuchMethodError'{0x0000000087c00e78}: 'long java.lang.invoke.DirectMethodHandle$Holder.invokeStatic(java.lang.Object, long)'> (0x0000000087c00e78) 
thrown [s\src\hotspot\share\interpreter\linkResolver.cpp, line 784]
Event: 36.681 Thread 0x0000020206160c80 Exception <a 'java/lang/NoSuchMethodError'{0x000000008788bec0}: 'java.lang.Object java.lang.invoke.DirectMethodHandle$Holder.invokeVirtual(java.lang.Object, java.lang.Object, java.lang.Object, java.lang.Object, java.lang.Object, java.lang.Object, java.lang.Object, java.lang.Object, java.lang.Object, java.lang.Object, java.lang.Object, java.lang.Object, java.lang.Object, java.lang.Object, java.lang.Object, java.lang.Object, java.lang.Object)'> (0x000000008788bec0) 
thrown [s\src\hotspot\share\interpreter\li
Event: 36.683 Thread 0x0000020206160c80 Exception <a 'java/lang/NoSuchMethodError'{0x0000000087892030}: 'java.lang.Object java.lang.invoke.DirectMethodHandle$Holder.invokeSpecial(java.lang.Object, java.lang.Object, java.lang.Object, java.lang.Object, java.lang.Object, java.lang.Object, java.lang.Object, java.lang.Object, java.lang.Object, java.lang.Object, java.lang.Object, java.lang.Object, java.lang.Object, java.lang.Object, java.lang.Object, java.lang.Object, java.lang.Object, java.lang.Object)'> (0x0000000087892030) 
thrown [s\src\hotspot\sh
Event: 36.684 Thread 0x0000020206160c80 Exception <a 'java/lang/NoSuchMethodError'{0x0000000087897838}: 'java.lang.Object java.lang.invoke.DelegatingMethodHandle$Holder.reinvoke_L(java.lang.Object, java.lang.Object, java.lang.Object, java.lang.Object, java.lang.Object, java.lang.Object, java.lang.Object, java.lang.Object, java.lang.Object, java.lang.Object, java.lang.Object, java.lang.Object, java.lang.Object, java.lang.Object, java.lang.Object, java.lang.Object, java.lang.Object)'> (0x0000000087897838) 
thrown [s\src\hotspot\share\interpreter\l
Event: 37.428 Thread 0x0000020206160c80 Exception <a 'java/lang/NoSuchMethodError'{0x000000008fb2f9e0}: static Lorg/gradle/api/internal/catalog/DefaultVersionCatalog;.<clinit>()V> (0x000000008fb2f9e0) 
thrown [s\src\hotspot\share\prims\jni.cpp, line 1144]
Event: 37.439 Thread 0x0000020206160c80 Exception <a 'java/lang/NoSuchMethodError'{0x000000008fb6d198}: static [Ljava/lang/Object;.<clinit>()V> (0x000000008fb6d198) 
thrown [s\src\hotspot\share\prims\jni.cpp, line 1144]
Event: 37.442 Thread 0x0000020206160c80 Exception <a 'java/lang/NoSuchMethodError'{0x000000008fb99948}: static Lorg/gradle/api/internal/catalog/DependencyModel;.<clinit>()V> (0x000000008fb99948) 
thrown [s\src\hotspot\share\prims\jni.cpp, line 1144]
Event: 37.442 Thread 0x0000020206160c80 Exception <a 'java/lang/NoSuchMethodError'{0x000000008fb9dd40}: static Lorg/gradle/api/internal/catalog/AbstractContextAwareModel;.<clinit>()V> (0x000000008fb9dd40) 
thrown [s\src\hotspot\share\prims\jni.cpp, line 1144]
Event: 37.443 Thread 0x0000020206160c80 Exception <a 'java/lang/NoSuchMethodError'{0x000000008fbb9e98}: static Lorg/gradle/api/internal/artifacts/dependencies/AbstractVersionConstraint;.<clinit>()V> (0x000000008fbb9e98) 
thrown [s\src\hotspot\share\prims\jni.cpp, line 1144]
Event: 37.449 Thread 0x0000020206160c80 Exception <a 'java/lang/NoSuchMethodError'{0x000000008e711838}: static Lorg/gradle/api/internal/catalog/PluginModel;.<clinit>()V> (0x000000008e711838) 
thrown [s\src\hotspot\share\prims\jni.cpp, line 1144]
Event: 37.455 Thread 0x0000020206160c80 Exception <a 'java/lang/NoSuchMethodError'{0x000000008e72ba00}: static Lorg/gradle/api/internal/catalog/VersionModel;.<clinit>()V> (0x000000008e72ba00) 
thrown [s\src\hotspot\share\prims\jni.cpp, line 1144]
Event: 37.628 Thread 0x0000020206160c80 Exception <a 'java/lang/NoSuchMethodError'{0x000000008e364728}: 'int java.lang.invoke.DirectMethodHandle$Holder.invokeSpecialIFC(java.lang.Object, java.lang.Object, java.lang.Object)'> (0x000000008e364728) 
thrown [s\src\hotspot\share\interpreter\linkResolver.cpp, line 784]
Event: 37.730 Thread 0x0000020206160c80 Exception <a 'java/lang/NoSuchMethodError'{0x0000000088f09828}: 'void java.lang.invoke.DirectMethodHandle$Holder.invokeStatic(java.lang.Object, java.lang.Object, java.lang.Object, int, java.lang.Object)'> (0x0000000088f09828) 
thrown [s\src\hotspot\share\interpreter\linkResolver.cpp, line 784]
Event: 37.744 Thread 0x0000020206160c80 Implicit null exception at 0x000002027320019d to 0x0000020273200404
Event: 39.501 Thread 0x0000020206160c80 Exception <a 'java/lang/IncompatibleClassChangeError'{0x00000000880189f8}: Found class java.lang.Object, but interface was expected> (0x00000000880189f8) 
thrown [s\src\hotspot\share\interpreter\linkResolver.cpp, line 851]

ZGC Phase Switch (0 events):
No events

VM Operations (20 events):
Event: 35.721 Executing VM operation: HandshakeAllThreads (Deoptimize) done
Event: 35.721 Executing VM operation: Cleanup
Event: 35.721 Executing VM operation: Cleanup done
Event: 36.727 Executing VM operation: Cleanup
Event: 36.727 Executing VM operation: Cleanup done
Event: 37.405 Executing VM operation: G1CollectForAllocation (G1 Evacuation Pause)
Event: 37.415 Executing VM operation: G1CollectForAllocation (G1 Evacuation Pause) done
Event: 37.787 Executing VM operation: HandshakeAllThreads (Deoptimize)
Event: 37.787 Executing VM operation: HandshakeAllThreads (Deoptimize) done
Event: 38.209 Executing VM operation: ICBufferFull
Event: 38.209 Executing VM operation: ICBufferFull done
Event: 39.215 Executing VM operation: Cleanup
Event: 39.215 Executing VM operation: Cleanup done
Event: 39.372 Executing VM operation: HandshakeAllThreads (Deoptimize)
Event: 39.372 Executing VM operation: HandshakeAllThreads (Deoptimize) done
Event: 39.610 Executing VM operation: ICBufferFull
Event: 40.622 Executing VM operation: ICBufferFull done
Event: 40.756 Executing VM operation: G1CollectForAllocation (G1 Evacuation Pause)
Event: 40.761 Executing VM operation: G1CollectForAllocation (G1 Evacuation Pause) done
Event: 41.772 Executing VM operation: Cleanup

Memory protections (0 events):
No events

Nmethod flushes (20 events):
Event: 34.454 Thread 0x000002027fe0d950 flushing  nmethod 0x000002026b912f10
Event: 34.454 Thread 0x000002027fe0d950 flushing  nmethod 0x000002026b913410
Event: 34.454 Thread 0x000002027fe0d950 flushing  nmethod 0x000002026b913910
Event: 34.454 Thread 0x000002027fe0d950 flushing  nmethod 0x000002026b978e90
Event: 34.454 Thread 0x000002027fe0d950 flushing  nmethod 0x000002026b97bd10
Event: 34.454 Thread 0x000002027fe0d950 flushing  nmethod 0x000002026b992790
Event: 34.454 Thread 0x000002027fe0d950 flushing  nmethod 0x000002026b9dbc10
Event: 34.454 Thread 0x000002027fe0d950 flushing  nmethod 0x000002026ba0e610
Event: 34.454 Thread 0x000002027fe0d950 flushing  nmethod 0x000002026ba11110
Event: 34.454 Thread 0x000002027fe0d950 flushing  nmethod 0x000002026ba11c10
Event: 34.454 Thread 0x000002027fe0d950 flushing  nmethod 0x000002026ba15c90
Event: 34.454 Thread 0x000002027fe0d950 flushing  nmethod 0x000002026ba85110
Event: 34.454 Thread 0x000002027fe0d950 flushing  nmethod 0x000002026ba87d10
Event: 34.454 Thread 0x000002027fe0d950 flushing  nmethod 0x000002026babbd10
Event: 34.454 Thread 0x000002027fe0d950 flushing  nmethod 0x000002026bad5210
Event: 34.454 Thread 0x000002027fe0d950 flushing  nmethod 0x000002026bb01690
Event: 34.454 Thread 0x000002027fe0d950 flushing  nmethod 0x000002026bb02190
Event: 34.454 Thread 0x000002027fe0d950 flushing  nmethod 0x000002026bb02b90
Event: 34.454 Thread 0x000002027fe0d950 flushing  nmethod 0x000002026bb03390
Event: 34.454 Thread 0x000002027fe0d950 flushing  nmethod 0x000002026bb61710

Events (20 events):
Event: 39.521 Thread 0x0000020206160c80 Thread added: 0x0000020200a42430
Event: 39.521 Thread 0x0000020206160c80 Thread added: 0x0000020209730e00
Event: 39.521 Thread 0x0000020206160c80 Thread added: 0x0000020209731490
Event: 39.522 Thread 0x0000020206160c80 Thread added: 0x0000020209732ed0
Event: 39.522 Thread 0x0000020206160c80 Thread added: 0x0000020209732840
Event: 39.522 Thread 0x0000020206160c80 Thread added: 0x0000020209731b20
Event: 39.569 Thread 0x000002020011c970 Thread added: 0x00000202085e9ff0
Event: 39.607 Thread 0x0000020206160c80 Thread added: 0x00000202097321b0
Event: 40.622 Thread 0x0000020206160c80 Thread added: 0x0000020209733560
Event: 40.623 Thread 0x00000202085e9ff0 Thread exited: 0x00000202085e9ff0
Event: 40.624 Thread 0x0000020206160c80 Thread added: 0x00000202097300e0
Event: 40.627 Thread 0x0000020206160c80 Thread added: 0x0000020209733bf0
Event: 40.629 Thread 0x0000020206160c80 Thread added: 0x0000020209730770
Event: 40.631 Thread 0x0000020206160c80 Thread added: 0x0000020209735630
Event: 40.634 Thread 0x0000020206160c80 Thread added: 0x0000020209736350
Event: 40.638 Thread 0x0000020206160c80 Thread added: 0x00000202097369e0
Event: 40.641 Thread 0x0000020206160c80 Thread added: 0x0000020209735cc0
Event: 40.645 Thread 0x0000020206160c80 Thread added: 0x0000020209737700
Event: 40.648 Thread 0x0000020206160c80 Thread added: 0x0000020209734280
Event: 40.810 Thread 0x000002020011c970 Thread added: 0x000002020a10a0a0


Dynamic libraries:
0x00007ff7a77c0000 - 0x00007ff7a77ca000 	C:\Program Files\Android\Android Studio\jbr\bin\java.exe
0x00007ff9e6060000 - 0x00007ff9e62c7000 	C:\WINDOWS\SYSTEM32\ntdll.dll
0x00007ff9e4d30000 - 0x00007ff9e4df9000 	C:\WINDOWS\System32\KERNEL32.DLL
0x00007ff9e3390000 - 0x00007ff9e377f000 	C:\WINDOWS\System32\KERNELBASE.dll
0x00007ff9e3b40000 - 0x00007ff9e3c8b000 	C:\WINDOWS\System32\ucrtbase.dll
0x00007ff9ce1a0000 - 0x00007ff9ce1b8000 	C:\Program Files\Android\Android Studio\jbr\bin\jli.dll
0x00007ff9e28b0000 - 0x00007ff9e28cb000 	C:\Program Files\Android\Android Studio\jbr\bin\VCRUNTIME140.dll
0x00007ff9e5da0000 - 0x00007ff9e5f65000 	C:\WINDOWS\System32\USER32.dll
0x00007ff9e3910000 - 0x00007ff9e3937000 	C:\WINDOWS\System32\win32u.dll
0x00007ff9e5300000 - 0x00007ff9e532b000 	C:\WINDOWS\System32\GDI32.dll
0x00007ff9e3260000 - 0x00007ff9e338c000 	C:\WINDOWS\System32\gdi32full.dll
0x00007ff9e31b0000 - 0x00007ff9e3253000 	C:\WINDOWS\System32\msvcp_win.dll
0x00007ff9e25b0000 - 0x00007ff9e2843000 	C:\WINDOWS\WinSxS\amd64_microsoft.windows.common-controls_6595b64144ccf1df_6.0.26100.7309_none_3e05feeae336a044\COMCTL32.dll
0x00007ff9e5f70000 - 0x00007ff9e6019000 	C:\WINDOWS\System32\msvcrt.dll
0x00007ff9e4290000 - 0x00007ff9e42c1000 	C:\WINDOWS\System32\IMM32.DLL
0x00007ff9df540000 - 0x00007ff9df54c000 	C:\Program Files\Android\Android Studio\jbr\bin\vcruntime140_1.dll
0x00007ff99d1f0000 - 0x00007ff99d27d000 	C:\Program Files\Android\Android Studio\jbr\bin\msvcp140.dll
0x00007ff9722d0000 - 0x00007ff972f66000 	C:\Program Files\Android\Android Studio\jbr\bin\server\jvm.dll
0x00007ff9e42f0000 - 0x00007ff9e43a4000 	C:\WINDOWS\System32\ADVAPI32.dll
0x00007ff9e4e80000 - 0x00007ff9e4f26000 	C:\WINDOWS\System32\sechost.dll
0x00007ff9e43b0000 - 0x00007ff9e44c8000 	C:\WINDOWS\System32\RPCRT4.dll
0x00007ff9e3010000 - 0x00007ff9e306e000 	C:\WINDOWS\SYSTEM32\POWRPROF.dll
0x00007ff9e5280000 - 0x00007ff9e52f4000 	C:\WINDOWS\System32\WS2_32.dll
0x00007ff9d9ae0000 - 0x00007ff9d9b15000 	C:\WINDOWS\SYSTEM32\WINMM.dll
0x00007ff9cf270000 - 0x00007ff9cf27b000 	C:\WINDOWS\SYSTEM32\VERSION.dll
0x00007ff9e2ff0000 - 0x00007ff9e3004000 	C:\WINDOWS\SYSTEM32\UMPDC.dll
0x00007ff9e1630000 - 0x00007ff9e164b000 	C:\WINDOWS\SYSTEM32\kernel.appcore.dll
0x00007ff9dd4d0000 - 0x00007ff9dd4da000 	C:\Program Files\Android\Android Studio\jbr\bin\jimage.dll
0x00007ff9e2960000 - 0x00007ff9e2ba2000 	C:\WINDOWS\SYSTEM32\DBGHELP.DLL
0x00007ff9e4930000 - 0x00007ff9e4cb5000 	C:\WINDOWS\System32\combase.dll
0x00007ff9e51a0000 - 0x00007ff9e5276000 	C:\WINDOWS\System32\OLEAUT32.dll
0x00007ff9e2850000 - 0x00007ff9e288c000 	C:\WINDOWS\SYSTEM32\dbgcore.DLL
0x00007ff9e3d50000 - 0x00007ff9e3df5000 	C:\WINDOWS\System32\bcryptPrimitives.dll
0x00007ff9cdd80000 - 0x00007ff9cdd8e000 	C:\Program Files\Android\Android Studio\jbr\bin\instrument.dll
0x00007ff9cdd90000 - 0x00007ff9cddb0000 	C:\Program Files\Android\Android Studio\jbr\bin\java.dll
0x00007ff9cdc00000 - 0x00007ff9cdc18000 	C:\Program Files\Android\Android Studio\jbr\bin\zip.dll
0x00007ff9e5640000 - 0x00007ff9e5d93000 	C:\WINDOWS\System32\SHELL32.dll
0x00007ff9e3940000 - 0x00007ff9e3aaa000 	C:\WINDOWS\System32\wintypes.dll
0x00007ff9e0490000 - 0x00007ff9e0cee000 	C:\WINDOWS\SYSTEM32\windows.storage.dll
0x00007ff9e4720000 - 0x00007ff9e4815000 	C:\WINDOWS\System32\SHCORE.dll
0x00007ff9e4cc0000 - 0x00007ff9e4d26000 	C:\WINDOWS\System32\shlwapi.dll
0x00007ff9e30d0000 - 0x00007ff9e30f9000 	C:\WINDOWS\SYSTEM32\profapi.dll
0x00007ff9dd4c0000 - 0x00007ff9dd4d0000 	C:\Program Files\Android\Android Studio\jbr\bin\net.dll
0x00007ff9d3920000 - 0x00007ff9d3a48000 	C:\WINDOWS\SYSTEM32\WINHTTP.dll
0x00007ff9e1b60000 - 0x00007ff9e1bcb000 	C:\WINDOWS\system32\mswsock.dll
0x00007ff9bd270000 - 0x00007ff9bd286000 	C:\Program Files\Android\Android Studio\jbr\bin\nio.dll
0x00007ff9cdec0000 - 0x00007ff9cded0000 	C:\Program Files\Android\Android Studio\jbr\bin\verify.dll
0x00007ff9a9480000 - 0x00007ff9a94a7000 	C:\Users\mayur\.gradle\native\1def1411415f61bf3af743bc5b6707747c0891f09f0c88961ee8f79bc544acac\windows-amd64\native-platform.dll
0x00007ff98e0d0000 - 0x00007ff98e148000 	C:\Users\mayur\.gradle\native\0.2.7\x86_64-windows-gnu\gradle-fileevents.dll
0x00007ff9ce0e0000 - 0x00007ff9ce0e9000 	C:\Program Files\Android\Android Studio\jbr\bin\management.dll
0x00007ff9ce090000 - 0x00007ff9ce09b000 	C:\Program Files\Android\Android Studio\jbr\bin\management_ext.dll
0x00007ff9e42e0000 - 0x00007ff9e42e8000 	C:\WINDOWS\System32\PSAPI.DLL
0x00007ff9e1090000 - 0x00007ff9e10c4000 	C:\WINDOWS\SYSTEM32\IPHLPAPI.DLL
0x00007ff9e4e70000 - 0x00007ff9e4e7a000 	C:\WINDOWS\System32\NSI.dll
0x00007ff9dd470000 - 0x00007ff9dd479000 	C:\Program Files\Android\Android Studio\jbr\bin\extnet.dll
0x00007ff9e2cd0000 - 0x00007ff9e2ceb000 	C:\WINDOWS\SYSTEM32\CRYPTSP.dll
0x00007ff9e1cb0000 - 0x00007ff9e1cea000 	C:\WINDOWS\system32\rsaenh.dll
0x00007ff9e1c10000 - 0x00007ff9e1c3b000 	C:\WINDOWS\SYSTEM32\USERENV.dll
0x00007ff9e30a0000 - 0x00007ff9e30ca000 	C:\WINDOWS\SYSTEM32\bcrypt.dll
0x00007ff9e1e60000 - 0x00007ff9e1e6c000 	C:\WINDOWS\SYSTEM32\CRYPTBASE.dll
0x00007ff9ce1e0000 - 0x00007ff9ce1e8000 	C:\WINDOWS\system32\wshunix.dll

JVMTI agents:
C:\Users\mayur\.gradle\wrapper\dists\gradle-8.13-bin\5xuhj0ry160q40clulazy9h7d\gradle-8.13\lib\agents\gradle-instrumentation-agent-8.13.jar path:C:\Program Files\Android\Android Studio\jbr\bin\instrument.dll, loaded, initialized, instrumentlib options:none

dbghelp: loaded successfully - version: 4.0.5 - missing functions: none
symbol engine: initialized successfully - sym options: 0x614 - pdb path: .;C:\Program Files\Android\Android Studio\jbr\bin;C:\WINDOWS\SYSTEM32;C:\WINDOWS\WinSxS\amd64_microsoft.windows.common-controls_6595b64144ccf1df_6.0.26100.7309_none_3e05feeae336a044;C:\Program Files\Android\Android Studio\jbr\bin\server;C:\Users\mayur\.gradle\native\1def1411415f61bf3af743bc5b6707747c0891f09f0c88961ee8f79bc544acac\windows-amd64;C:\Users\mayur\.gradle\native\0.2.7\x86_64-windows-gnu

VM Arguments:
jvm_args: --add-opens=java.base/java.lang=ALL-UNNAMED --add-opens=java.base/java.lang.invoke=ALL-UNNAMED --add-opens=java.base/java.util=ALL-UNNAMED --add-opens=java.prefs/java.util.prefs=ALL-UNNAMED --add-exports=jdk.compiler/com.sun.tools.javac.api=ALL-UNNAMED --add-exports=jdk.compiler/com.sun.tools.javac.util=ALL-UNNAMED --add-opens=java.base/java.util=ALL-UNNAMED --add-opens=java.prefs/java.util.prefs=ALL-UNNAMED --add-opens=java.base/java.nio.charset=ALL-UNNAMED --add-opens=java.base/java.net=ALL-UNNAMED --add-opens=java.base/java.util.concurrent.atomic=ALL-UNNAMED --add-opens=java.xml/javax.xml.namespace=ALL-UNNAMED -Xmx2048m -Dfile.encoding=UTF-8 -Duser.country=IN -Duser.language=en -Duser.variant -javaagent:C:\Users\mayur\.gradle\wrapper\dists\gradle-8.13-bin\5xuhj0ry160q40clulazy9h7d\gradle-8.13\lib\agents\gradle-instrumentation-agent-8.13.jar 
java_command: org.gradle.launcher.daemon.bootstrap.GradleDaemon 8.13
java_class_path (initial): C:\Users\mayur\.gradle\wrapper\dists\gradle-8.13-bin\5xuhj0ry160q40clulazy9h7d\gradle-8.13\lib\gradle-daemon-main-8.13.jar
Launcher Type: SUN_STANDARD

[Global flags]
     intx CICompilerCount                          = 4                                         {product} {ergonomic}
     uint ConcGCThreads                            = 3                                         {product} {ergonomic}
     uint G1ConcRefinementThreads                  = 10                                        {product} {ergonomic}
   size_t G1HeapRegionSize                         = 1048576                                   {product} {ergonomic}
    uintx GCDrainStackTargetSize                   = 64                                        {product} {ergonomic}
   size_t InitialHeapSize                          = 264241152                                 {product} {ergonomic}
   size_t MarkStackSize                            = 4194304                                   {product} {ergonomic}
   size_t MaxHeapSize                              = 2147483648                                {product} {command line}
   size_t MaxNewSize                               = 1287651328                                {product} {ergonomic}
   size_t MinHeapDeltaBytes                        = 1048576                                   {product} {ergonomic}
   size_t MinHeapSize                              = 8388608                                   {product} {ergonomic}
    uintx NonNMethodCodeHeapSize                   = 5839372                                {pd product} {ergonomic}
    uintx NonProfiledCodeHeapSize                  = 122909434                              {pd product} {ergonomic}
    uintx ProfiledCodeHeapSize                     = 122909434                              {pd product} {ergonomic}
    uintx ReservedCodeCacheSize                    = 251658240                              {pd product} {ergonomic}
     bool SegmentedCodeCache                       = true                                      {product} {ergonomic}
   size_t SoftMaxHeapSize                          = 2147483648                             {manageable} {ergonomic}
     bool UseCompressedOops                        = true                           {product lp64_product} {ergonomic}
     bool UseG1GC                                  = true                                      {product} {ergonomic}
     bool UseLargePagesIndividualAllocation        = false                                  {pd product} {ergonomic}

Logging:
Log output configuration:
 #0: stdout all=warning uptime,level,tags foldmultilines=false
 #1: stderr all=off uptime,level,tags foldmultilines=false

Environment Variables:
PATH=C:\WINDOWS\system32;C:\WINDOWS;C:\WINDOWS\System32\Wbem;C:\WINDOWS\System32\WindowsPowerShell\v1.0\;C:\WINDOWS\System32\OpenSSH\;C:\Program Files\dotnet\;C:\Users\mayur\AppData\Local\Programs\Python\Python312\Scripts;C:\Program Files\Git\cmd;C:\Program Files\nodejs\;D:\Jalview\bin;C:\Users\mayur\AppData\Local\Microsoft\WindowsApps;C:\Windows\System32;C:\Program Files\NCBI\blast-2.17.0+\bin;D:\edirect\edirect;D:\sratoolkit.3.2.1-win64\sratoolkit.3.2.1-win64\bin;C:\Users\mayur\AppData\Local\Programs\Microsoft VS Code\bin;C:\Users\mayur\AppData\Local\Microsoft\WinGet\Packages\Google.PlatformTools_Microsoft.Winget.Source_8wekyb3d8bbwe\platform-tools;
USERNAME=mayur
OS=Windows_NT
PROCESSOR_IDENTIFIER=Intel64 Family 6 Model 154 Stepping 3, GenuineIntel
TMP=C:\Users\mayur\AppData\Local\Temp
TEMP=C:\Users\mayur\AppData\Local\Temp




Periodic native trim disabled

JNI global refs:
JNI global refs: 28, weak refs: 3

JNI global refs memory usage: 835, weak refs: 833

Process memory usage:
Resident Set Size: 372252K (2% of 16478712K total physical memory with 991184K free physical memory)

OOME stack traces (most recent first):
Classloader memory used:
Loader org.gradle.internal.classloader.VisitableURLClassLoader                         : 37159K
Loader bootstrap                                                                       : 23663K
Loader org.gradle.initialization.MixInLegacyTypesClassLoader                           : 10931K
Loader org.gradle.internal.classloader.VisitableURLClassLoader                         : 1138K
Loader org.gradle.internal.classloader.VisitableURLClassLoader$InstrumentingVisitableURLClassLoader: 691K
Loader jdk.internal.loader.ClassLoaders$PlatformClassLoader                            : 521K
Loader jdk.internal.reflect.DelegatingClassLoader                                      : 283K
Loader jdk.internal.loader.ClassLoaders$AppClassLoader                                 : 235K
Loader org.gradle.groovy.scripts.internal.DefaultScriptCompilationHandler$ScriptClassLoader: 90104B
Loader org.codehaus.groovy.runtime.callsite.CallSiteClassLoader                        : 49928B

Classes loaded by more than one classloader:
Class org.gradle.internal.IoActions                                                   : loaded 3 times (x 71B)
Class org.gradle.api.Action                                                           : loaded 3 times (x 70B)
Class org.gradle.internal.Cast                                                        : loaded 3 times (x 71B)
Class org.gradle.api.GradleException                                                  : loaded 3 times (x 82B)
Class org.gradle.api.UncheckedIOException                                             : loaded 3 times (x 82B)
Class Program                                                                         : loaded 3 times (x 72B)
Class kotlin.collections.AbstractList$Companion                                       : loaded 2 times (x 71B)
Class org.gradle.internal.classloader.ClassLoaderVisitor                              : loaded 2 times (x 76B)
Class org.gradle.api.internal.classpath.EffectiveClassPath                            : loaded 2 times (x 90B)
Class org.gradle.tooling.internal.gradle.DefaultProjectIdentifier                     : loaded 2 times (x 86B)
Class org.gradle.api.internal.DefaultClassPathProvider                                : loaded 2 times (x 76B)
Class [Lorg.gradle.api.internal.ClassPathProvider;                                    : loaded 2 times (x 69B)
Class org.gradle.api.internal.ClassPathProvider                                       : loaded 2 times (x 70B)
Class org.gradle.internal.service.UnknownServiceException                             : loaded 2 times (x 83B)
Class org.gradle.internal.classpath.TransformedClassPath                              : loaded 2 times (x 96B)
Class org.gradle.internal.classloader.InstrumentingClassLoader                        : loaded 2 times (x 70B)
Class kotlin.enums.EnumEntriesList                                                    : loaded 2 times (x 223B)
Class org.gradle.internal.service.ServiceLocator                                      : loaded 2 times (x 70B)
Class com.intellij.gradle.toolingExtension.util.GradleVersionUtil                     : loaded 2 times (x 71B)
Class org.gradle.tooling.model.UnsupportedMethodException                             : loaded 2 times (x 82B)
Class org.gradle.internal.InternalTransformer                                         : loaded 2 times (x 70B)
Class org.gradle.internal.time.DefaultTimer                                           : loaded 2 times (x 80B)
Class org.gradle.internal.classloader.ClasspathUtil$1                                 : loaded 2 times (x 76B)
Class org.gradle.api.internal.classpath.DefaultModuleRegistry$DefaultModule           : loaded 2 times (x 86B)
Class org.gradle.internal.time.DefaultCountdownTimer                                  : loaded 2 times (x 88B)
Class org.gradle.tooling.internal.gradle.DefaultBuildIdentifier                       : loaded 2 times (x 79B)
Class kotlin.Function                                                                 : loaded 2 times (x 70B)
Class org.gradle.api.internal.classpath.Module                                        : loaded 2 times (x 70B)
Class org.gradle.api.internal.classpath.UnknownModuleException                        : loaded 2 times (x 82B)
Class org.gradle.tooling.internal.gradle.GradleProjectIdentity                        : loaded 2 times (x 70B)
Class org.gradle.api.internal.DefaultClassPathRegistry                                : loaded 2 times (x 76B)
Class org.gradle.api.internal.ClassPathRegistry                                       : loaded 2 times (x 70B)
Class org.gradle.internal.classpath.DefaultClassPath$ImmutableUniqueList              : loaded 2 times (x 199B)
Class org.gradle.internal.classloader.DefaultClassLoaderFactory                       : loaded 2 times (x 82B)
Class Settings_gradle$1                                                               : loaded 2 times (x 74B)
Class org.gradle.internal.operations.MultipleBuildOperationFailures                   : loaded 2 times (x 95B)
Class org.gradle.internal.classpath.ClassPath                                         : loaded 2 times (x 70B)
Class org.gradle.tooling.model.Model                                                  : loaded 2 times (x 70B)
Class org.gradle.api.internal.classpath.ManifestUtil                                  : loaded 2 times (x 71B)
Class org.gradle.internal.installation.GradleInstallation$1                           : loaded 2 times (x 75B)
Class org.gradle.api.internal.classpath.ModuleRegistry                                : loaded 2 times (x 70B)
Class org.gradle.api.internal.classpath.DefaultModuleRegistry                         : loaded 2 times (x 86B)
Class org.gradle.util.internal.DefaultGradleVersion$Stage                             : loaded 2 times (x 75B)
Class org.gradle.internal.time.MonotonicClock                                         : loaded 2 times (x 77B)
Class org.gradle.internal.service.ServiceLookupException                              : loaded 2 times (x 82B)
Class org.gradle.internal.classloader.ClassLoaderFactory                              : loaded 2 times (x 70B)
Class org.gradle.internal.service.CachingServiceLocator                               : loaded 2 times (x 82B)
Class org.gradle.internal.time.TimeSource                                             : loaded 2 times (x 70B)
Class org.gradle.tooling.internal.gradle.GradleBuildIdentity                          : loaded 2 times (x 70B)
Class kotlin.enums.EnumEntries                                                        : loaded 2 times (x 70B)
Class org.gradle.internal.exceptions.ResolutionProvider                               : loaded 2 times (x 70B)
Class org.gradle.tooling.model.ProjectIdentifier                                      : loaded 2 times (x 70B)
Class org.gradle.internal.classloader.ClasspathUtil                                   : loaded 2 times (x 71B)
Class org.gradle.internal.time.TimeSource$1                                           : loaded 2 times (x 77B)
Class kotlin.jvm.internal.DefaultConstructorMarker                                    : loaded 2 times (x 71B)
Class org.gradle.api.specs.Spec                                                       : loaded 2 times (x 70B)
Class sync_studio_tooling7_xhwuyb7msjb9egpmiwb6v1ml                                   : loaded 2 times (x 179B)
Class com.intellij.gradle.toolingExtension.impl.model.utilDummyModel.DummyModel       : loaded 2 times (x 70B)
Class org.gradle.internal.time.Clock                                                  : loaded 2 times (x 70B)
Class kotlin.collections.AbstractList                                                 : loaded 2 times (x 197B)
Class kotlin.collections.AbstractCollection                                           : loaded 2 times (x 117B)
Class org.gradle.internal.impldep.com.google.common.base.Preconditions                : loaded 2 times (x 71B)
Class org.gradle.internal.classloader.VisitableURLClassLoader$InstrumentingVisitableURLClassLoader: loaded 2 times (x 123B)
Class org.gradle.internal.classloader.VisitableURLClassLoader$Spec                    : loaded 2 times (x 74B)
Class org.gradle.internal.classpath.DefaultClassPath                                  : loaded 2 times (x 90B)
Class org.gradle.util.internal.DefaultGradleVersion                                   : loaded 2 times (x 80B)
Class org.gradle.internal.classloader.ClassLoaderSpec                                 : loaded 2 times (x 71B)
Class Settings_gradle$1$1                                                             : loaded 2 times (x 74B)
Class kotlin.Unit                                                                     : loaded 2 times (x 71B)
Class org.gradle.internal.classloader.VisitableURLClassLoader                         : loaded 2 times (x 117B)
Class Settings_gradle                                                                 : loaded 2 times (x 128B)
Class org.gradle.internal.classloader.ClassLoaderHierarchy                            : loaded 2 times (x 70B)
Class org.gradle.internal.classloader.FilteringClassLoader                            : loaded 2 times (x 105B)
Class kotlin.jvm.functions.Function1                                                  : loaded 2 times (x 70B)
Class org.gradle.internal.classpath.DefaultClassPath$ImmutableUniqueList$Builder      : loaded 2 times (x 75B)
Class kotlin.UninitializedPropertyAccessException                                     : loaded 2 times (x 82B)
Class org.gradle.internal.exceptions.NonGradleCauseExceptionsHolder                   : loaded 2 times (x 70B)
Class org.jetbrains.plugins.gradle.tooling.ModelBuilderService$Parameter              : loaded 2 times (x 70B)
Class kotlin.NotImplementedError                                                      : loaded 2 times (x 82B)
Class kotlin.enums.EnumEntriesKt                                                      : loaded 2 times (x 71B)
Class org.gradle.internal.classloader.SystemClassLoaderSpec                           : loaded 2 times (x 71B)
Class org.gradle.internal.exceptions.MultiCauseException                              : loaded 2 times (x 70B)
Class org.gradle.internal.time.CountdownTimer                                         : loaded 2 times (x 70B)
Class kotlin.jvm.internal.Intrinsics                                                  : loaded 2 times (x 71B)
Class org.gradle.tooling.model.ProjectModel                                           : loaded 2 times (x 70B)
Class kotlin.KotlinNullPointerException                                               : loaded 2 times (x 83B)
Class org.gradle.internal.exceptions.DefaultMultiCauseException                       : loaded 2 times (x 95B)
Class org.gradle.internal.time.Time                                                   : loaded 2 times (x 71B)
Class org.gradle.api.internal.classpath.GlobalCacheRootsProvider                      : loaded 2 times (x 70B)
Class org.gradle.tooling.model.BuildIdentifier                                        : loaded 2 times (x 70B)
Class org.gradle.internal.time.Timer                                                  : loaded 2 times (x 70B)
Class kotlin.jvm.internal.markers.KMappedMarker                                       : loaded 2 times (x 70B)
Class org.gradle.internal.installation.CurrentGradleInstallationLocator               : loaded 2 times (x 71B)
Class org.gradle.internal.service.DefaultServiceLocator                               : loaded 2 times (x 83B)
Class org.gradle.util.GradleVersion                                                   : loaded 2 times (x 79B)
Class org.gradle.internal.installation.CurrentGradleInstallation                      : loaded 2 times (x 73B)
Class org.gradle.util.internal.GUtil                                                  : loaded 2 times (x 71B)
Class org.gradle.internal.installation.GradleInstallation                             : loaded 2 times (x 75B)
Class ijInit1_90xrkmnwilp6t9xkkltcnm2nn                                               : loaded 2 times (x 179B)

---------------  S Y S T E M  ---------------

OS:
 Windows 11 , 64 bit Build 26100 (10.0.26100.7309)
OS uptime: 6 days 7:24 hours
Hyper-V role detected

CPU: total 12 (initial active 12) (6 cores per cpu, 2 threads per core) family 6 model 154 stepping 3 microcode 0x423, cx8, cmov, fxsr, ht, mmx, 3dnowpref, sse, sse2, sse3, ssse3, sse4.1, sse4.2, popcnt, lzcnt, tsc, tscinvbit, avx, avx2, aes, erms, clmul, bmi1, bmi2, adx, sha, fma, vzeroupper, clflush, clflushopt, clwb, hv, serialize, rdtscp, rdpid, fsrm, f16c, cet_ibt, cet_ss
Processor Information for the first 12 processors :
  Max Mhz: 2000, Current Mhz: 2000, Mhz Limit: 2000

Memory: 4k page, system-wide physical 16092M (967M free)
TotalPageFile size 20092M (AvailPageFile size 32M)
current process WorkingSet (physical memory assigned to process): 364M, peak: 395M
current process commit charge ("private bytes"): 405M, peak: 436M

vm_info: OpenJDK 64-Bit Server VM (21.0.8+-14196175-b1038.72) for windows-amd64 JRE (21.0.8+-14196175-b1038.72), built on 2025-10-01T10:24:33Z by "builder" with MS VC++ 16.10 / 16.11 (VS2019)

END.
